2016-01-19 03:05:54,656 DEBUG [default] [generalzero@unknown-host] [void Mouse::doEvent(SDL_Event&)] [Input/mouse.cpp:20] Mouse Click (,x=288,y=319)

2016-01-19 03:06:31,898 DEBUG [default] [generalzero@unknown-host] [void Mouse::doEvent(SDL_Event&)] [Input/mouse.cpp:20] Mouse Click (1,x=258,y=397)

2016-01-19 03:06:36,886 DEBUG [default] [generalzero@unknown-host] [void Mouse::doEvent(SDL_Event&)] [Input/mouse.cpp:20] Mouse Click (3,x=309,y=332)

2016-01-19 03:06:37,821 DEBUG [default] [generalzero@unknown-host] [void Mouse::doEvent(SDL_Event&)] [Input/mouse.cpp:20] Mouse Click (1,x=309,y=332)

2016-01-19 03:06:38,321 DEBUG [default] [generalzero@unknown-host] [void Mouse::doEvent(SDL_Event&)] [Input/mouse.cpp:20] Mouse Click (2,x=309,y=332)

2016-01-19 03:06:40,190 DEBUG [default] [generalzero@unknown-host] [void Mouse::doEvent(SDL_Event&)] [Input/mouse.cpp:20] Mouse Click (5,x=310,y=328)

2016-01-19 03:06:40,707 DEBUG [default] [generalzero@unknown-host] [void Mouse::doEvent(SDL_Event&)] [Input/mouse.cpp:20] Mouse Click (4,x=310,y=328)

2016-01-19 03:50:07,808 INFO  [default] Mouse Move (x=44,y=440)

2016-01-19 03:50:08,723 INFO  [default] Mouse Move (x=44,y=439)

2016-01-19 03:50:08,723 INFO  [default] Mouse Move (x=45,y=439)

2016-01-19 03:50:08,723 INFO  [default] Mouse Move (x=45,y=437)

2016-01-19 03:50:08,723 INFO  [default] Mouse Move (x=47,y=437)

2016-01-19 03:50:08,723 INFO  [default] Mouse Move (x=48,y=435)

2016-01-19 03:50:08,723 INFO  [default] Mouse Move (x=48,y=433)

2016-01-19 03:50:08,723 INFO  [default] Mouse Move (x=50,y=433)

2016-01-19 03:50:08,724 INFO  [default] Mouse Move (x=50,y=432)

2016-01-19 03:50:08,740 INFO  [default] Mouse Move (x=52,y=430)

2016-01-19 03:50:08,740 INFO  [default] Mouse Move (x=52,y=428)

2016-01-19 03:50:08,740 INFO  [default] Mouse Move (x=53,y=428)

2016-01-19 03:50:08,740 INFO  [default] Mouse Move (x=55,y=427)

2016-01-19 03:50:08,740 INFO  [default] Mouse Move (x=55,y=425)

2016-01-19 03:50:08,740 INFO  [default] Mouse Move (x=57,y=425)

2016-01-19 03:50:08,740 INFO  [default] Mouse Move (x=57,y=423)

2016-01-19 03:50:08,740 INFO  [default] Mouse Move (x=59,y=423)

2016-01-19 03:50:08,740 INFO  [default] Mouse Move (x=60,y=421)

2016-01-19 03:50:08,740 INFO  [default] Mouse Move (x=60,y=420)

2016-01-19 03:50:08,740 INFO  [default] Mouse Move (x=62,y=418)

2016-01-19 03:50:08,741 INFO  [default] Mouse Move (x=64,y=418)

2016-01-19 03:50:08,756 INFO  [default] Mouse Move (x=66,y=416)

2016-01-19 03:50:08,756 INFO  [default] Mouse Move (x=68,y=414)

2016-01-19 03:50:08,756 INFO  [default] Mouse Move (x=69,y=414)

2016-01-19 03:50:08,756 INFO  [default] Mouse Move (x=71,y=414)

2016-01-19 03:50:08,756 INFO  [default] Mouse Move (x=71,y=412)

2016-01-19 03:50:08,756 INFO  [default] Mouse Move (x=73,y=412)

2016-01-19 03:50:08,757 INFO  [default] Mouse Move (x=73,y=410)

2016-01-19 03:50:08,757 INFO  [default] Mouse Move (x=75,y=410)

2016-01-19 03:50:08,757 INFO  [default] Mouse Move (x=77,y=410)

2016-01-19 03:50:08,757 INFO  [default] Mouse Move (x=79,y=408)

2016-01-19 03:50:08,757 INFO  [default] Mouse Move (x=81,y=408)

2016-01-19 03:50:08,757 INFO  [default] Mouse Move (x=81,y=406)

2016-01-19 03:50:08,774 INFO  [default] Mouse Move (x=83,y=406)

2016-01-19 03:50:08,774 INFO  [default] Mouse Move (x=85,y=406)

2016-01-19 03:50:08,774 INFO  [default] Mouse Move (x=87,y=406)

2016-01-19 03:50:08,774 INFO  [default] Mouse Move (x=89,y=406)

2016-01-19 03:50:08,774 INFO  [default] Mouse Move (x=91,y=405)

2016-01-19 03:50:08,774 INFO  [default] Mouse Move (x=92,y=405)

2016-01-19 03:50:08,774 INFO  [default] Mouse Move (x=94,y=405)

2016-01-19 03:50:08,774 INFO  [default] Mouse Move (x=96,y=405)

2016-01-19 03:50:08,774 INFO  [default] Mouse Move (x=98,y=405)

2016-01-19 03:50:08,774 INFO  [default] Mouse Move (x=100,y=403)

2016-01-19 03:50:08,774 INFO  [default] Mouse Move (x=102,y=403)

2016-01-19 03:50:08,774 INFO  [default] Mouse Move (x=104,y=403)

2016-01-19 03:50:08,774 INFO  [default] Mouse Move (x=106,y=403)

2016-01-19 03:50:08,774 INFO  [default] Mouse Move (x=108,y=401)

2016-01-19 03:50:08,790 INFO  [default] Mouse Move (x=110,y=401)

2016-01-19 03:50:08,790 INFO  [default] Mouse Move (x=112,y=401)

2016-01-19 03:50:08,790 INFO  [default] Mouse Move (x=114,y=401)

2016-01-19 03:50:08,790 INFO  [default] Mouse Move (x=116,y=401)

2016-01-19 03:50:08,791 INFO  [default] Mouse Move (x=116,y=399)

2016-01-19 03:50:08,791 INFO  [default] Mouse Move (x=118,y=399)

2016-01-19 03:50:08,791 INFO  [default] Mouse Move (x=120,y=399)

2016-01-19 03:50:08,791 INFO  [default] Mouse Move (x=122,y=399)

2016-01-19 03:50:08,791 INFO  [default] Mouse Move (x=124,y=399)

2016-01-19 03:50:08,791 INFO  [default] Mouse Move (x=126,y=397)

2016-01-19 03:50:08,791 INFO  [default] Mouse Move (x=128,y=397)

2016-01-19 03:50:08,791 INFO  [default] Mouse Move (x=130,y=397)

2016-01-19 03:50:08,807 INFO  [default] Mouse Move (x=132,y=397)

2016-01-19 03:50:08,807 INFO  [default] Mouse Move (x=134,y=395)

2016-01-19 03:50:08,807 INFO  [default] Mouse Move (x=136,y=395)

2016-01-19 03:50:08,807 INFO  [default] Mouse Move (x=138,y=395)

2016-01-19 03:50:08,807 INFO  [default] Mouse Move (x=140,y=393)

2016-01-19 03:50:08,807 INFO  [default] Mouse Move (x=142,y=393)

2016-01-19 03:50:08,807 INFO  [default] Mouse Move (x=145,y=393)

2016-01-19 03:50:08,807 INFO  [default] Mouse Move (x=147,y=391)

2016-01-19 03:50:08,807 INFO  [default] Mouse Move (x=149,y=391)

2016-01-19 03:50:08,808 INFO  [default] Mouse Move (x=151,y=391)

2016-01-19 03:50:08,808 INFO  [default] Mouse Move (x=153,y=389)

2016-01-19 03:50:08,808 INFO  [default] Mouse Move (x=155,y=389)

2016-01-19 03:50:08,808 INFO  [default] Mouse Move (x=157,y=389)

2016-01-19 03:50:08,808 INFO  [default] Mouse Move (x=159,y=387)

2016-01-19 03:50:08,808 INFO  [default] Mouse Move (x=161,y=387)

2016-01-19 03:50:08,808 INFO  [default] Mouse Move (x=163,y=387)

2016-01-19 03:50:08,808 INFO  [default] Mouse Move (x=165,y=387)

2016-01-19 03:50:08,824 INFO  [default] Mouse Move (x=167,y=385)

2016-01-19 03:50:08,824 INFO  [default] Mouse Move (x=169,y=385)

2016-01-19 03:50:08,824 INFO  [default] Mouse Move (x=171,y=385)

2016-01-19 03:50:08,824 INFO  [default] Mouse Move (x=171,y=383)

2016-01-19 03:50:08,824 INFO  [default] Mouse Move (x=173,y=383)

2016-01-19 03:50:08,824 INFO  [default] Mouse Move (x=175,y=383)

2016-01-19 03:50:08,824 INFO  [default] Mouse Move (x=175,y=381)

2016-01-19 03:50:08,824 INFO  [default] Mouse Move (x=177,y=381)

2016-01-19 03:50:08,824 INFO  [default] Mouse Move (x=179,y=381)

2016-01-19 03:50:08,824 INFO  [default] Mouse Move (x=181,y=381)

2016-01-19 03:50:08,824 INFO  [default] Mouse Move (x=183,y=379)

2016-01-19 03:50:08,824 INFO  [default] Mouse Move (x=185,y=379)

2016-01-19 03:50:08,824 INFO  [default] Mouse Move (x=187,y=377)

2016-01-19 03:50:08,824 INFO  [default] Mouse Move (x=189,y=377)

2016-01-19 03:50:08,840 INFO  [default] Mouse Move (x=191,y=375)

2016-01-19 03:50:08,840 INFO  [default] Mouse Move (x=193,y=375)

2016-01-19 03:50:08,840 INFO  [default] Mouse Move (x=195,y=373)

2016-01-19 03:50:08,840 INFO  [default] Mouse Move (x=197,y=373)

2016-01-19 03:50:08,840 INFO  [default] Mouse Move (x=199,y=373)

2016-01-19 03:50:08,841 INFO  [default] Mouse Move (x=201,y=371)

2016-01-19 03:50:08,841 INFO  [default] Mouse Move (x=203,y=369)

2016-01-19 03:50:08,841 INFO  [default] Mouse Move (x=205,y=369)

2016-01-19 03:50:08,841 INFO  [default] Mouse Move (x=207,y=367)

2016-01-19 03:50:08,841 INFO  [default] Mouse Move (x=209,y=367)

2016-01-19 03:50:08,841 INFO  [default] Mouse Move (x=211,y=365)

2016-01-19 03:50:08,841 INFO  [default] Mouse Move (x=213,y=365)

2016-01-19 03:50:08,857 INFO  [default] Mouse Move (x=215,y=363)

2016-01-19 03:50:08,857 INFO  [default] Mouse Move (x=217,y=363)

2016-01-19 03:50:08,857 INFO  [default] Mouse Move (x=219,y=361)

2016-01-19 03:50:08,857 INFO  [default] Mouse Move (x=221,y=361)

2016-01-19 03:50:08,857 INFO  [default] Mouse Move (x=223,y=359)

2016-01-19 03:50:08,857 INFO  [default] Mouse Move (x=225,y=359)

2016-01-19 03:50:08,857 INFO  [default] Mouse Move (x=227,y=357)

2016-01-19 03:50:08,857 INFO  [default] Mouse Move (x=229,y=357)

2016-01-19 03:50:08,857 INFO  [default] Mouse Move (x=231,y=355)

2016-01-19 03:50:08,857 INFO  [default] Mouse Move (x=233,y=355)

2016-01-19 03:50:08,857 INFO  [default] Mouse Move (x=235,y=353)

2016-01-19 03:50:08,857 INFO  [default] Mouse Move (x=237,y=353)

2016-01-19 03:50:08,858 INFO  [default] Mouse Move (x=239,y=351)

2016-01-19 03:50:08,858 INFO  [default] Mouse Move (x=241,y=351)

2016-01-19 03:50:08,858 INFO  [default] Mouse Move (x=243,y=349)

2016-01-19 03:50:08,858 INFO  [default] Mouse Move (x=245,y=349)

2016-01-19 03:50:08,858 INFO  [default] Mouse Move (x=247,y=349)

2016-01-19 03:50:08,874 INFO  [default] Mouse Move (x=249,y=347)

2016-01-19 03:50:08,874 INFO  [default] Mouse Move (x=251,y=347)

2016-01-19 03:50:08,874 INFO  [default] Mouse Move (x=253,y=345)

2016-01-19 03:50:08,874 INFO  [default] Mouse Move (x=255,y=345)

2016-01-19 03:50:08,874 INFO  [default] Mouse Move (x=257,y=345)

2016-01-19 03:50:08,874 INFO  [default] Mouse Move (x=259,y=343)

2016-01-19 03:50:08,874 INFO  [default] Mouse Move (x=261,y=343)

2016-01-19 03:50:08,874 INFO  [default] Mouse Move (x=264,y=341)

2016-01-19 03:50:08,874 INFO  [default] Mouse Move (x=266,y=341)

2016-01-19 03:50:08,874 INFO  [default] Mouse Move (x=268,y=339)

2016-01-19 03:50:08,874 INFO  [default] Mouse Move (x=270,y=339)

2016-01-19 03:50:08,874 INFO  [default] Mouse Move (x=270,y=337)

2016-01-19 03:50:08,874 INFO  [default] Mouse Move (x=272,y=337)

2016-01-19 03:50:08,874 INFO  [default] Mouse Move (x=274,y=337)

2016-01-19 03:50:08,874 INFO  [default] Mouse Move (x=276,y=337)

2016-01-19 03:50:08,890 INFO  [default] Mouse Move (x=278,y=335)

2016-01-19 03:50:08,890 INFO  [default] Mouse Move (x=280,y=335)

2016-01-19 03:50:08,891 INFO  [default] Mouse Move (x=282,y=335)

2016-01-19 03:50:08,891 INFO  [default] Mouse Move (x=284,y=333)

2016-01-19 03:50:08,891 INFO  [default] Mouse Move (x=286,y=333)

2016-01-19 03:50:08,891 INFO  [default] Mouse Move (x=288,y=333)

2016-01-19 03:50:08,891 INFO  [default] Mouse Move (x=290,y=331)

2016-01-19 03:50:08,891 INFO  [default] Mouse Move (x=292,y=331)

2016-01-19 03:50:08,891 INFO  [default] Mouse Move (x=294,y=331)

2016-01-19 03:50:08,891 INFO  [default] Mouse Move (x=296,y=329)

2016-01-19 03:50:08,891 INFO  [default] Mouse Move (x=298,y=329)

2016-01-19 03:50:08,907 INFO  [default] Mouse Move (x=300,y=329)

2016-01-19 03:50:08,907 INFO  [default] Mouse Move (x=302,y=329)

2016-01-19 03:50:08,907 INFO  [default] Mouse Move (x=304,y=327)

2016-01-19 03:50:08,907 INFO  [default] Mouse Move (x=306,y=327)

2016-01-19 03:50:08,907 INFO  [default] Mouse Move (x=308,y=327)

2016-01-19 03:50:08,907 INFO  [default] Mouse Move (x=310,y=327)

2016-01-19 03:50:08,907 INFO  [default] Mouse Move (x=311,y=327)

2016-01-19 03:50:08,907 INFO  [default] Mouse Move (x=311,y=325)

2016-01-19 03:50:08,907 INFO  [default] Mouse Move (x=313,y=325)

2016-01-19 03:50:08,924 INFO  [default] Mouse Move (x=315,y=325)

2016-01-19 03:50:08,924 INFO  [default] Mouse Move (x=317,y=325)

2016-01-19 03:50:08,924 INFO  [default] Mouse Move (x=318,y=325)

2016-01-19 03:50:08,924 INFO  [default] Mouse Move (x=320,y=323)

2016-01-19 03:50:08,924 INFO  [default] Mouse Move (x=322,y=323)

2016-01-19 03:50:08,924 INFO  [default] Mouse Move (x=324,y=323)

2016-01-19 03:50:08,924 INFO  [default] Mouse Move (x=324,y=322)

2016-01-19 03:50:08,924 INFO  [default] Mouse Move (x=325,y=322)

2016-01-19 03:50:08,924 INFO  [default] Mouse Move (x=325,y=320)

2016-01-19 03:50:08,924 INFO  [default] Mouse Move (x=327,y=320)

2016-01-19 03:50:08,940 INFO  [default] Mouse Move (x=329,y=320)

2016-01-19 03:50:08,940 INFO  [default] Mouse Move (x=330,y=320)

2016-01-19 03:50:08,941 INFO  [default] Mouse Move (x=332,y=318)

2016-01-19 03:50:08,941 INFO  [default] Mouse Move (x=334,y=318)

2016-01-19 03:50:08,941 INFO  [default] Mouse Move (x=334,y=317)

2016-01-19 03:50:08,941 INFO  [default] Mouse Move (x=335,y=317)

2016-01-19 03:50:08,941 INFO  [default] Mouse Move (x=337,y=317)

2016-01-19 03:50:08,941 INFO  [default] Mouse Move (x=338,y=315)

2016-01-19 03:50:08,957 INFO  [default] Mouse Move (x=340,y=315)

2016-01-19 03:50:08,957 INFO  [default] Mouse Move (x=341,y=315)

2016-01-19 03:50:08,957 INFO  [default] Mouse Move (x=343,y=314)

2016-01-19 03:50:08,957 INFO  [default] Mouse Move (x=345,y=314)

2016-01-19 03:50:08,957 INFO  [default] Mouse Move (x=347,y=312)

2016-01-19 03:50:08,957 INFO  [default] Mouse Move (x=348,y=312)

2016-01-19 03:50:08,957 INFO  [default] Mouse Move (x=348,y=310)

2016-01-19 03:50:08,957 INFO  [default] Mouse Move (x=350,y=310)

2016-01-19 03:50:08,958 INFO  [default] Mouse Move (x=352,y=310)

2016-01-19 03:50:08,958 INFO  [default] Mouse Move (x=354,y=308)

2016-01-19 03:50:08,958 INFO  [default] Mouse Move (x=356,y=308)

2016-01-19 03:50:08,974 INFO  [default] Mouse Move (x=357,y=308)

2016-01-19 03:50:08,974 INFO  [default] Mouse Move (x=359,y=306)

2016-01-19 03:50:08,974 INFO  [default] Mouse Move (x=361,y=306)

2016-01-19 03:50:08,974 INFO  [default] Mouse Move (x=363,y=306)

2016-01-19 03:50:08,974 INFO  [default] Mouse Move (x=365,y=305)

2016-01-19 03:50:08,974 INFO  [default] Mouse Move (x=366,y=305)

2016-01-19 03:50:08,974 INFO  [default] Mouse Move (x=368,y=303)

2016-01-19 03:50:08,974 INFO  [default] Mouse Move (x=370,y=303)

2016-01-19 03:50:08,974 INFO  [default] Mouse Move (x=372,y=303)

2016-01-19 03:50:08,990 INFO  [default] Mouse Move (x=374,y=301)

2016-01-19 03:50:08,991 INFO  [default] Mouse Move (x=375,y=301)

2016-01-19 03:50:08,991 INFO  [default] Mouse Move (x=377,y=301)

2016-01-19 03:50:08,991 INFO  [default] Mouse Move (x=379,y=299)

2016-01-19 03:50:08,991 INFO  [default] Mouse Move (x=381,y=299)

2016-01-19 03:50:08,991 INFO  [default] Mouse Move (x=381,y=298)

2016-01-19 03:50:08,991 INFO  [default] Mouse Move (x=383,y=298)

2016-01-19 03:50:08,991 INFO  [default] Mouse Move (x=384,y=296)

2016-01-19 03:50:08,991 INFO  [default] Mouse Move (x=386,y=296)

2016-01-19 03:50:09,007 INFO  [default] Mouse Move (x=388,y=296)

2016-01-19 03:50:09,007 INFO  [default] Mouse Move (x=389,y=296)

2016-01-19 03:50:09,007 INFO  [default] Mouse Move (x=391,y=294)

2016-01-19 03:50:09,007 INFO  [default] Mouse Move (x=393,y=294)

2016-01-19 03:50:09,007 INFO  [default] Mouse Move (x=393,y=293)

2016-01-19 03:50:09,007 INFO  [default] Mouse Move (x=394,y=293)

2016-01-19 03:50:09,024 INFO  [default] Mouse Move (x=395,y=293)

2016-01-19 03:50:09,040 INFO  [default] Mouse Move (x=396,y=292)

2016-01-19 03:50:09,323 INFO  [default] Mouse Move (x=395,y=292)

2016-01-19 03:50:09,340 INFO  [default] Mouse Move (x=394,y=292)

2016-01-19 03:50:09,340 INFO  [default] Mouse Move (x=393,y=292)

2016-01-19 03:50:09,340 INFO  [default] Mouse Move (x=393,y=293)

2016-01-19 03:50:09,340 INFO  [default] Mouse Move (x=392,y=293)

2016-01-19 03:50:09,357 INFO  [default] Mouse Move (x=391,y=293)

2016-01-19 03:50:09,357 INFO  [default] Mouse Move (x=390,y=293)

2016-01-19 03:50:09,357 INFO  [default] Mouse Move (x=390,y=294)

2016-01-19 03:50:09,357 INFO  [default] Mouse Move (x=389,y=294)

2016-01-19 03:50:09,357 INFO  [default] Mouse Move (x=388,y=294)

2016-01-19 03:50:09,374 INFO  [default] Mouse Move (x=387,y=294)

2016-01-19 03:50:09,374 INFO  [default] Mouse Move (x=387,y=295)

2016-01-19 03:50:09,374 INFO  [default] Mouse Move (x=386,y=295)

2016-01-19 03:50:09,375 INFO  [default] Mouse Move (x=385,y=295)

2016-01-19 03:50:09,391 INFO  [default] Mouse Move (x=384,y=295)

2016-01-19 03:50:10,258 INFO  [default] Mouse Move (x=384,y=296)

2016-01-19 03:50:10,275 INFO  [default] Mouse Move (x=384,y=297)

2016-01-19 03:50:10,275 INFO  [default] Mouse Move (x=384,y=298)

2016-01-19 03:50:10,276 INFO  [default] Mouse Move (x=383,y=298)

2016-01-19 03:50:10,292 INFO  [default] Mouse Move (x=383,y=299)

2016-01-19 03:50:10,309 INFO  [default] Mouse Move (x=383,y=300)

2016-01-19 03:50:10,359 INFO  [default] Mouse Move (x=383,y=301)

2016-01-19 03:50:10,708 INFO  [default] Mouse Move (x=382,y=301)

2016-01-19 03:50:11,893 INFO  [default] Mouse Click (1,x=382,y=301)

2016-01-19 03:50:11,944 INFO  [default] Mouse UP (1,x=382,y=301)

2016-01-19 03:50:13,545 INFO  [default] Mouse Click (2,x=382,y=301)

2016-01-19 03:50:13,812 INFO  [default] Mouse UP (2,x=382,y=301)

2016-01-19 03:50:14,262 INFO  [default] Mouse Wheel (x=0,y=1)

2016-01-19 03:50:14,880 INFO  [default] Mouse Wheel (x=0,y=1)

2016-01-19 03:50:15,230 INFO  [default] Mouse Wheel (x=0,y=1)

2016-01-19 03:50:15,430 INFO  [default] Mouse Wheel (x=0,y=1)

2016-01-19 03:50:15,614 INFO  [default] Mouse Wheel (x=0,y=-1)

2016-01-19 03:50:15,647 INFO  [default] Mouse Wheel (x=0,y=-1)

2016-01-19 03:50:15,665 INFO  [default] Mouse Wheel (x=0,y=-1)

2016-01-19 03:50:15,681 INFO  [default] Mouse Wheel (x=0,y=-1)

2016-01-19 03:50:15,715 INFO  [default] Mouse Wheel (x=0,y=-1)

2016-01-19 03:50:16,198 INFO  [default] Mouse Wheel (x=0,y=1)

2016-01-19 03:50:16,214 INFO  [default] Mouse Wheel (x=0,y=1)

2016-01-19 03:50:16,215 INFO  [default] Mouse Wheel (x=0,y=1)

2016-01-19 03:50:16,231 INFO  [default] Mouse Wheel (x=0,y=1)

2016-01-19 03:50:16,682 INFO  [default] Mouse Wheel (x=0,y=-1)

2016-01-19 03:50:16,699 INFO  [default] Mouse Wheel (x=0,y=-1)

2016-01-19 03:50:16,733 INFO  [default] Mouse Wheel (x=0,y=-1)

2016-01-19 03:50:16,749 INFO  [default] Mouse Wheel (x=0,y=-1)

2016-01-19 03:50:16,783 INFO  [default] Mouse Wheel (x=0,y=-1)

2016-01-19 03:50:17,299 INFO  [default] Mouse Click (3,x=382,y=301)

2016-01-19 03:50:17,350 INFO  [default] Mouse UP (3,x=382,y=301)

2016-01-19 03:50:18,901 INFO  [default] Mouse Click (3,x=382,y=301)

2016-01-19 03:50:20,085 INFO  [default] Mouse Move (x=383,y=301)

2016-01-19 03:50:20,085 INFO  [default] Mouse Move (x=384,y=300)

2016-01-19 03:50:20,085 INFO  [default] Mouse Move (x=385,y=300)

2016-01-19 03:50:20,102 INFO  [default] Mouse Move (x=386,y=300)

2016-01-19 03:50:20,102 INFO  [default] Mouse Move (x=387,y=300)

2016-01-19 03:50:20,119 INFO  [default] Mouse Move (x=388,y=300)

2016-01-19 03:50:20,136 INFO  [default] Mouse Move (x=389,y=300)

2016-01-19 03:50:20,170 INFO  [default] Mouse Move (x=389,y=299)

2016-01-19 03:50:21,020 INFO  [default] Mouse UP (3,x=389,y=299)

2016-01-19 03:50:22,188 INFO  [default] Mouse Move (x=390,y=299)

2016-01-19 03:50:22,205 INFO  [default] Mouse Move (x=391,y=299)

2016-01-19 03:50:22,205 INFO  [default] Mouse Move (x=392,y=299)

2016-01-19 03:50:22,205 INFO  [default] Mouse Move (x=392,y=298)

2016-01-19 03:50:22,205 INFO  [default] Mouse Move (x=394,y=298)

2016-01-19 03:50:22,205 INFO  [default] Mouse Move (x=396,y=296)

2016-01-19 03:50:22,205 INFO  [default] Mouse Move (x=397,y=296)

2016-01-19 03:50:22,205 INFO  [default] Mouse Move (x=399,y=296)

2016-01-19 03:50:22,205 INFO  [default] Mouse Move (x=401,y=294)

2016-01-19 03:50:22,221 INFO  [default] Mouse Move (x=403,y=294)

2016-01-19 03:50:22,221 INFO  [default] Mouse Move (x=404,y=293)

2016-01-19 03:50:22,221 INFO  [default] Mouse Move (x=407,y=291)

2016-01-19 03:50:22,221 INFO  [default] Mouse Move (x=409,y=289)

2016-01-19 03:50:22,222 INFO  [default] Mouse Move (x=411,y=289)

2016-01-19 03:50:22,222 INFO  [default] Mouse Move (x=413,y=287)

2016-01-19 03:50:22,222 INFO  [default] Mouse Move (x=415,y=285)

2016-01-19 03:50:22,222 INFO  [default] Mouse Move (x=417,y=285)

2016-01-19 03:50:22,222 INFO  [default] Mouse Move (x=420,y=283)

2016-01-19 03:50:22,222 INFO  [default] Mouse Move (x=422,y=281)

2016-01-19 03:50:22,222 INFO  [default] Mouse Move (x=424,y=281)

2016-01-19 03:50:22,222 INFO  [default] Mouse Move (x=426,y=279)

2016-01-19 03:50:22,222 INFO  [default] Mouse Move (x=428,y=279)

2016-01-19 03:50:22,239 INFO  [default] Mouse Move (x=430,y=277)

2016-01-19 03:50:22,239 INFO  [default] Mouse Move (x=432,y=277)

2016-01-19 03:50:22,239 INFO  [default] Mouse Move (x=434,y=277)

2016-01-19 03:50:22,239 INFO  [default] Mouse Move (x=436,y=275)

2016-01-19 03:50:22,239 INFO  [default] Mouse Move (x=438,y=275)

2016-01-19 03:50:22,239 INFO  [default] Mouse Move (x=440,y=273)

2016-01-19 03:50:22,239 INFO  [default] Mouse Move (x=442,y=273)

2016-01-19 03:50:22,239 INFO  [default] Mouse Move (x=444,y=271)

2016-01-19 03:50:22,239 INFO  [default] Mouse Move (x=446,y=269)

2016-01-19 03:50:22,239 INFO  [default] Mouse Move (x=448,y=269)

2016-01-19 03:50:22,239 INFO  [default] Mouse Move (x=450,y=267)

2016-01-19 03:50:22,240 INFO  [default] Mouse Move (x=452,y=267)

2016-01-19 03:50:22,240 INFO  [default] Mouse Move (x=454,y=267)

2016-01-19 03:50:22,240 INFO  [default] Mouse Move (x=456,y=265)

2016-01-19 03:50:22,240 INFO  [default] Mouse Move (x=458,y=263)

2016-01-19 03:50:22,240 INFO  [default] Mouse Move (x=460,y=263)

2016-01-19 03:50:22,240 INFO  [default] Mouse Move (x=462,y=261)

2016-01-19 03:50:22,256 INFO  [default] Mouse Move (x=464,y=261)

2016-01-19 03:50:22,256 INFO  [default] Mouse Move (x=466,y=259)

2016-01-19 03:50:22,256 INFO  [default] Mouse Move (x=468,y=259)

2016-01-19 03:50:22,256 INFO  [default] Mouse Move (x=470,y=257)

2016-01-19 03:50:22,256 INFO  [default] Mouse Move (x=472,y=257)

2016-01-19 03:50:22,256 INFO  [default] Mouse Move (x=474,y=255)

2016-01-19 03:50:22,256 INFO  [default] Mouse Move (x=477,y=253)

2016-01-19 03:50:22,256 INFO  [default] Mouse Move (x=479,y=253)

2016-01-19 03:50:22,256 INFO  [default] Mouse Move (x=481,y=251)

2016-01-19 03:50:22,257 INFO  [default] Mouse Move (x=483,y=251)

2016-01-19 03:50:22,257 INFO  [default] Mouse Move (x=485,y=249)

2016-01-19 03:50:22,257 INFO  [default] Mouse Move (x=487,y=249)

2016-01-19 03:50:22,257 INFO  [default] Mouse Move (x=489,y=247)

2016-01-19 03:50:22,257 INFO  [default] Mouse Move (x=492,y=247)

2016-01-19 03:50:22,257 INFO  [default] Mouse Move (x=494,y=245)

2016-01-19 03:50:22,257 INFO  [default] Mouse Move (x=496,y=243)

2016-01-19 03:50:22,257 INFO  [default] Mouse Move (x=498,y=243)

2016-01-19 03:50:22,272 INFO  [default] Mouse Move (x=500,y=241)

2016-01-19 03:50:22,272 INFO  [default] Mouse Move (x=502,y=241)

2016-01-19 03:50:22,272 INFO  [default] Mouse Move (x=504,y=239)

2016-01-19 03:50:22,273 INFO  [default] Mouse Move (x=506,y=239)

2016-01-19 03:50:22,273 INFO  [default] Mouse Move (x=508,y=237)

2016-01-19 03:50:22,273 INFO  [default] Mouse Move (x=510,y=237)

2016-01-19 03:50:22,273 INFO  [default] Mouse Move (x=512,y=235)

2016-01-19 03:50:22,273 INFO  [default] Mouse Move (x=514,y=233)

2016-01-19 03:50:22,273 INFO  [default] Mouse Move (x=516,y=231)

2016-01-19 03:50:22,273 INFO  [default] Mouse Move (x=518,y=231)

2016-01-19 03:50:22,273 INFO  [default] Mouse Move (x=520,y=229)

2016-01-19 03:50:22,273 INFO  [default] Mouse Move (x=522,y=229)

2016-01-19 03:50:22,273 INFO  [default] Mouse Move (x=524,y=227)

2016-01-19 03:50:22,273 INFO  [default] Mouse Move (x=526,y=225)

2016-01-19 03:50:22,273 INFO  [default] Mouse Move (x=528,y=225)

2016-01-19 03:50:22,273 INFO  [default] Mouse Move (x=530,y=223)

2016-01-19 03:50:22,273 INFO  [default] Mouse Move (x=533,y=223)

2016-01-19 03:50:22,289 INFO  [default] Mouse Move (x=535,y=221)

2016-01-19 03:50:22,289 INFO  [default] Mouse Move (x=537,y=219)

2016-01-19 03:50:22,289 INFO  [default] Mouse Move (x=539,y=219)

2016-01-19 03:50:22,289 INFO  [default] Mouse Move (x=541,y=217)

2016-01-19 03:50:22,289 INFO  [default] Mouse Move (x=543,y=217)

2016-01-19 03:50:22,289 INFO  [default] Mouse Move (x=545,y=215)

2016-01-19 03:50:22,289 INFO  [default] Mouse Move (x=547,y=213)

2016-01-19 03:50:22,289 INFO  [default] Mouse Move (x=549,y=213)

2016-01-19 03:50:22,289 INFO  [default] Mouse Move (x=551,y=213)

2016-01-19 03:50:22,289 INFO  [default] Mouse Move (x=553,y=211)

2016-01-19 03:50:22,289 INFO  [default] Mouse Move (x=553,y=209)

2016-01-19 03:50:22,289 INFO  [default] Mouse Move (x=555,y=209)

2016-01-19 03:50:22,289 INFO  [default] Mouse Move (x=557,y=207)

2016-01-19 03:50:22,290 INFO  [default] Mouse Move (x=560,y=207)

2016-01-19 03:50:22,290 INFO  [default] Mouse Move (x=560,y=205)

2016-01-19 03:50:22,290 INFO  [default] Mouse Move (x=562,y=205)

2016-01-19 03:50:22,306 INFO  [default] Mouse Move (x=564,y=203)

2016-01-19 03:50:22,306 INFO  [default] Mouse Move (x=566,y=203)

2016-01-19 03:50:22,306 INFO  [default] Mouse Move (x=568,y=201)

2016-01-19 03:50:22,306 INFO  [default] Mouse Move (x=570,y=201)

2016-01-19 03:50:22,306 INFO  [default] Mouse Move (x=572,y=199)

2016-01-19 03:50:22,306 INFO  [default] Mouse Move (x=574,y=197)

2016-01-19 03:50:22,306 INFO  [default] Mouse Move (x=576,y=197)

2016-01-19 03:50:22,306 INFO  [default] Mouse Move (x=576,y=195)

2016-01-19 03:50:22,306 INFO  [default] Mouse Move (x=578,y=195)

2016-01-19 03:50:22,306 INFO  [default] Mouse Move (x=580,y=195)

2016-01-19 03:50:22,306 INFO  [default] Mouse Move (x=582,y=193)

2016-01-19 03:50:22,306 INFO  [default] Mouse Move (x=584,y=191)

2016-01-19 03:50:22,306 INFO  [default] Mouse Move (x=586,y=191)

2016-01-19 03:50:22,306 INFO  [default] Mouse Move (x=586,y=189)

2016-01-19 03:50:22,306 INFO  [default] Mouse Move (x=588,y=189)

2016-01-19 03:50:22,306 INFO  [default] Mouse Move (x=590,y=187)

2016-01-19 03:50:22,306 INFO  [default] Mouse Move (x=592,y=187)

2016-01-19 03:50:22,322 INFO  [default] Mouse Move (x=592,y=185)

2016-01-19 03:50:22,322 INFO  [default] Mouse Move (x=594,y=185)

2016-01-19 03:50:22,322 INFO  [default] Mouse Move (x=596,y=183)

2016-01-19 03:50:22,322 INFO  [default] Mouse Move (x=598,y=183)

2016-01-19 03:50:22,322 INFO  [default] Mouse Move (x=600,y=181)

2016-01-19 03:50:22,323 INFO  [default] Mouse Move (x=600,y=179)

2016-01-19 03:50:22,323 INFO  [default] Mouse Move (x=602,y=179)

2016-01-19 03:50:22,323 INFO  [default] Mouse Move (x=604,y=179)

2016-01-19 03:50:22,323 INFO  [default] Mouse Move (x=606,y=177)

2016-01-19 03:50:22,323 INFO  [default] Mouse Move (x=608,y=175)

2016-01-19 03:50:22,323 INFO  [default] Mouse Move (x=610,y=175)

2016-01-19 03:50:22,323 INFO  [default] Mouse Move (x=610,y=173)

2016-01-19 03:50:22,323 INFO  [default] Mouse Move (x=612,y=171)

2016-01-19 03:50:22,323 INFO  [default] Mouse Move (x=614,y=171)

2016-01-19 03:50:22,323 INFO  [default] Mouse Move (x=616,y=169)

2016-01-19 03:50:22,339 INFO  [default] Mouse Move (x=618,y=167)

2016-01-19 03:50:22,339 INFO  [default] Mouse Move (x=620,y=167)

2016-01-19 03:50:22,339 INFO  [default] Mouse Move (x=620,y=165)

2016-01-19 03:50:22,339 INFO  [default] Mouse Move (x=622,y=165)

2016-01-19 03:50:22,339 INFO  [default] Mouse Move (x=624,y=165)

2016-01-19 03:50:22,339 INFO  [default] Mouse Move (x=626,y=163)

2016-01-19 03:50:22,339 INFO  [default] Mouse Move (x=626,y=161)

2016-01-19 03:50:22,339 INFO  [default] Mouse Move (x=628,y=159)

2016-01-19 03:50:22,339 INFO  [default] Mouse Move (x=630,y=159)

2016-01-19 03:50:22,340 INFO  [default] Mouse Move (x=632,y=157)

2016-01-19 03:50:22,340 INFO  [default] Mouse Move (x=634,y=155)

2016-01-19 03:50:22,340 INFO  [default] Mouse Move (x=636,y=153)

2016-01-19 03:50:22,340 INFO  [default] Mouse Move (x=638,y=153)

2016-01-19 03:50:22,340 INFO  [default] Mouse Move (x=638,y=151)

2016-01-19 03:50:22,356 INFO  [default] Mouse Move (x=640,y=151)

2016-01-19 03:50:22,356 INFO  [default] Mouse Move (x=640,y=149)

2016-01-19 03:50:22,356 INFO  [default] Mouse Move (x=642,y=149)

2016-01-19 03:50:22,356 INFO  [default] Mouse Move (x=644,y=147)

2016-01-19 03:50:22,356 INFO  [default] Mouse Move (x=646,y=145)

2016-01-19 03:50:22,356 INFO  [default] Mouse Move (x=648,y=143)

2016-01-19 03:50:22,357 INFO  [default] Mouse Move (x=650,y=141)

2016-01-19 03:50:22,357 INFO  [default] Mouse Move (x=652,y=139)

2016-01-19 03:50:22,357 INFO  [default] Mouse Move (x=654,y=139)

2016-01-19 03:50:22,357 INFO  [default] Mouse Move (x=654,y=137)

2016-01-19 03:50:22,357 INFO  [default] Mouse Move (x=656,y=137)

2016-01-19 03:50:22,357 INFO  [default] Mouse Move (x=656,y=135)

2016-01-19 03:50:22,357 INFO  [default] Mouse Move (x=658,y=135)

2016-01-19 03:50:22,372 INFO  [default] Mouse Move (x=658,y=133)

2016-01-19 03:50:22,372 INFO  [default] Mouse Move (x=660,y=133)

2016-01-19 03:50:22,372 INFO  [default] Mouse Move (x=662,y=131)

2016-01-19 03:50:22,372 INFO  [default] Mouse Move (x=664,y=129)

2016-01-19 03:50:22,372 INFO  [default] Mouse Move (x=666,y=129)

2016-01-19 03:50:22,373 INFO  [default] Mouse Move (x=666,y=127)

2016-01-19 03:50:22,373 INFO  [default] Mouse Move (x=668,y=127)

2016-01-19 03:50:22,373 INFO  [default] Mouse Move (x=670,y=125)

2016-01-19 03:50:22,373 INFO  [default] Mouse Move (x=672,y=125)

2016-01-19 03:50:22,373 INFO  [default] Mouse Move (x=672,y=123)

2016-01-19 03:50:22,373 INFO  [default] Mouse Move (x=674,y=121)

2016-01-19 03:50:22,389 INFO  [default] Mouse Move (x=675,y=121)

2016-01-19 03:50:22,389 INFO  [default] Mouse Move (x=675,y=119)

2016-01-19 03:50:22,389 INFO  [default] Mouse Move (x=677,y=119)

2016-01-19 03:50:22,389 INFO  [default] Mouse Move (x=679,y=117)

2016-01-19 03:50:22,389 INFO  [default] Mouse Move (x=681,y=115)

2016-01-19 03:50:22,389 INFO  [default] Mouse Move (x=683,y=115)

2016-01-19 03:50:22,389 INFO  [default] Mouse Move (x=683,y=113)

2016-01-19 03:50:22,389 INFO  [default] Mouse Move (x=685,y=113)

2016-01-19 03:50:22,390 INFO  [default] Mouse Move (x=687,y=111)

2016-01-19 03:50:22,390 INFO  [default] Mouse Move (x=689,y=109)

2016-01-19 03:50:22,390 INFO  [default] Mouse Move (x=691,y=108)

2016-01-19 03:50:22,390 INFO  [default] Mouse Move (x=693,y=106)

2016-01-19 03:50:22,390 INFO  [default] Mouse Move (x=695,y=106)

2016-01-19 03:50:22,406 INFO  [default] Mouse Move (x=695,y=104)

2016-01-19 03:50:22,406 INFO  [default] Mouse Move (x=697,y=104)

2016-01-19 03:50:22,406 INFO  [default] Mouse Move (x=697,y=102)

2016-01-19 03:50:22,406 INFO  [default] Mouse Move (x=699,y=102)

2016-01-19 03:50:22,406 INFO  [default] Mouse Move (x=701,y=100)

2016-01-19 03:50:22,406 INFO  [default] Mouse Move (x=703,y=100)

2016-01-19 03:50:22,406 INFO  [default] Mouse Move (x=703,y=98)

2016-01-19 03:50:22,406 INFO  [default] Mouse Move (x=705,y=96)

2016-01-19 03:50:22,406 INFO  [default] Mouse Move (x=707,y=96)

2016-01-19 03:50:22,406 INFO  [default] Mouse Move (x=707,y=94)

2016-01-19 03:50:22,406 INFO  [default] Mouse Move (x=708,y=94)

2016-01-19 03:50:22,406 INFO  [default] Mouse Move (x=708,y=92)

2016-01-19 03:50:22,406 INFO  [default] Mouse Move (x=710,y=92)

2016-01-19 03:50:22,422 INFO  [default] Mouse Move (x=710,y=90)

2016-01-19 03:50:22,422 INFO  [default] Mouse Move (x=712,y=90)

2016-01-19 03:50:22,422 INFO  [default] Mouse Move (x=714,y=89)

2016-01-19 03:50:22,422 INFO  [default] Mouse Move (x=716,y=87)

2016-01-19 03:50:22,423 INFO  [default] Mouse Move (x=718,y=85)

2016-01-19 03:50:22,423 INFO  [default] Mouse Move (x=718,y=83)

2016-01-19 03:50:22,423 INFO  [default] Mouse Move (x=719,y=83)

2016-01-19 03:50:22,423 INFO  [default] Mouse Move (x=719,y=81)

2016-01-19 03:50:22,423 INFO  [default] Mouse Move (x=721,y=81)

2016-01-19 03:50:22,423 INFO  [default] Mouse Move (x=721,y=80)

2016-01-19 03:50:22,439 INFO  [default] Mouse Move (x=723,y=80)

2016-01-19 03:50:22,439 INFO  [default] Mouse Move (x=723,y=78)

2016-01-19 03:50:22,439 INFO  [default] Mouse Move (x=725,y=78)

2016-01-19 03:50:22,439 INFO  [default] Mouse Move (x=725,y=76)

2016-01-19 03:50:22,439 INFO  [default] Mouse Move (x=726,y=74)

2016-01-19 03:50:22,439 INFO  [default] Mouse Move (x=726,y=73)

2016-01-19 03:50:22,439 INFO  [default] Mouse Move (x=728,y=73)

2016-01-19 03:50:22,439 INFO  [default] Mouse Move (x=728,y=71)

2016-01-19 03:50:22,439 INFO  [default] Mouse Move (x=730,y=69)

2016-01-19 03:50:22,440 INFO  [default] Mouse Move (x=732,y=67)

2016-01-19 03:50:22,456 INFO  [default] Mouse Move (x=733,y=66)

2016-01-19 03:50:22,456 INFO  [default] Mouse Move (x=733,y=64)

2016-01-19 03:50:22,456 INFO  [default] Mouse Move (x=735,y=64)

2016-01-19 03:50:22,456 INFO  [default] Mouse Move (x=735,y=62)

2016-01-19 03:50:22,456 INFO  [default] Mouse Move (x=737,y=62)

2016-01-19 03:50:22,456 INFO  [default] Mouse Move (x=737,y=60)

2016-01-19 03:50:22,456 INFO  [default] Mouse Move (x=739,y=60)

2016-01-19 03:50:22,456 INFO  [default] Mouse Move (x=739,y=58)

2016-01-19 03:50:22,456 INFO  [default] Mouse Move (x=740,y=58)

2016-01-19 03:50:22,456 INFO  [default] Mouse Move (x=740,y=57)

2016-01-19 03:50:22,456 INFO  [default] Mouse Move (x=742,y=55)

2016-01-19 03:50:22,472 INFO  [default] Mouse Move (x=742,y=53)

2016-01-19 03:50:22,472 INFO  [default] Mouse Move (x=744,y=53)

2016-01-19 03:50:22,473 INFO  [default] Mouse Move (x=744,y=52)

2016-01-19 03:50:22,473 INFO  [default] Mouse Move (x=745,y=52)

2016-01-19 03:50:22,473 INFO  [default] Mouse Move (x=745,y=50)

2016-01-19 03:50:22,473 INFO  [default] Mouse Move (x=747,y=50)

2016-01-19 03:50:22,489 INFO  [default] Mouse Move (x=747,y=49)

2016-01-19 03:50:22,489 INFO  [default] Mouse Move (x=748,y=49)

2016-01-19 03:50:22,489 INFO  [default] Mouse Move (x=748,y=48)

2016-01-19 03:50:22,506 INFO  [default] Mouse Move (x=749,y=48)

2016-01-19 03:50:22,506 INFO  [default] Mouse Move (x=749,y=47)

2016-01-19 03:50:22,506 INFO  [default] Mouse Move (x=750,y=47)

2016-01-19 03:50:22,506 INFO  [default] Mouse Move (x=750,y=46)

2016-01-19 03:50:22,522 INFO  [default] Mouse Move (x=751,y=46)

2016-01-19 03:50:22,522 INFO  [default] Mouse Move (x=751,y=45)

2016-01-19 03:50:22,522 INFO  [default] Mouse Move (x=751,y=44)

2016-01-19 03:50:22,523 INFO  [default] Mouse Move (x=752,y=44)

2016-01-19 03:50:22,539 INFO  [default] Mouse Move (x=752,y=43)

2016-01-19 03:50:22,539 INFO  [default] Mouse Move (x=753,y=43)

2016-01-19 03:50:22,556 INFO  [default] Mouse Move (x=753,y=42)

2016-01-19 03:50:22,556 INFO  [default] Mouse Move (x=754,y=42)

2016-01-19 03:50:22,572 INFO  [default] Mouse Move (x=755,y=42)

2016-01-19 03:50:22,573 INFO  [default] Mouse Move (x=755,y=41)

2016-01-19 03:50:22,573 INFO  [default] Mouse Move (x=756,y=41)

2016-01-19 03:50:22,573 INFO  [default] Mouse Move (x=756,y=40)

2016-01-19 03:50:22,589 INFO  [default] Mouse Move (x=757,y=40)

2016-01-19 03:50:22,589 INFO  [default] Mouse Move (x=757,y=39)

2016-01-19 03:50:22,589 INFO  [default] Mouse Move (x=758,y=39)

2016-01-19 03:50:22,589 INFO  [default] Mouse Move (x=759,y=38)

2016-01-19 03:50:22,589 INFO  [default] Mouse Move (x=760,y=38)

2016-01-19 03:50:22,589 INFO  [default] Mouse Move (x=760,y=37)

2016-01-19 03:50:22,590 INFO  [default] Mouse Move (x=761,y=37)

2016-01-19 03:50:22,606 INFO  [default] Mouse Move (x=761,y=36)

2016-01-19 03:50:22,606 INFO  [default] Mouse Move (x=762,y=36)

2016-01-19 03:50:22,606 INFO  [default] Mouse Move (x=762,y=35)

2016-01-19 03:50:22,606 INFO  [default] Mouse Move (x=763,y=35)

2016-01-19 03:50:22,606 INFO  [default] Mouse Move (x=763,y=34)

2016-01-19 03:50:22,606 INFO  [default] Mouse Move (x=764,y=33)

2016-01-19 03:50:22,623 INFO  [default] Mouse Move (x=764,y=32)

2016-01-19 03:50:22,623 INFO  [default] Mouse Move (x=765,y=32)

2016-01-19 03:50:22,623 INFO  [default] Mouse Move (x=765,y=31)

2016-01-19 03:50:22,656 INFO  [default] Mouse Move (x=766,y=31)

2016-01-19 03:50:22,656 INFO  [default] Mouse Move (x=766,y=30)

2016-01-19 03:50:22,656 INFO  [default] Mouse Move (x=766,y=29)

2016-01-19 03:50:22,656 INFO  [default] Mouse Move (x=767,y=29)

2016-01-19 03:50:22,673 INFO  [default] Mouse Move (x=767,y=28)

2016-01-19 03:50:22,673 INFO  [default] Mouse Move (x=768,y=28)

2016-01-19 03:50:22,673 INFO  [default] Mouse Move (x=768,y=27)

2016-01-19 03:50:22,673 INFO  [default] Mouse Move (x=769,y=27)

2016-01-19 03:50:22,673 INFO  [default] Mouse Move (x=769,y=26)

2016-01-19 03:50:22,689 INFO  [default] Mouse Move (x=770,y=25)

2016-01-19 03:50:22,689 INFO  [default] Mouse Move (x=770,y=24)

2016-01-19 03:50:22,689 INFO  [default] Mouse Move (x=771,y=24)

2016-01-19 03:50:22,689 INFO  [default] Mouse Move (x=771,y=23)

2016-01-19 03:50:22,690 INFO  [default] Mouse Move (x=772,y=23)

2016-01-19 03:50:22,690 INFO  [default] Mouse Move (x=772,y=22)

2016-01-19 03:50:22,706 INFO  [default] Mouse Move (x=773,y=22)

2016-01-19 03:50:22,706 INFO  [default] Mouse Move (x=773,y=21)

2016-01-19 03:50:22,706 INFO  [default] Mouse Move (x=774,y=21)

2016-01-19 03:50:22,706 INFO  [default] Mouse Move (x=774,y=20)

2016-01-19 03:50:22,706 INFO  [default] Mouse Move (x=774,y=19)

2016-01-19 03:50:22,706 INFO  [default] Mouse Move (x=775,y=19)

2016-01-19 03:50:22,706 INFO  [default] Mouse Move (x=775,y=18)

2016-01-19 03:50:22,706 INFO  [default] Mouse Move (x=776,y=17)

2016-01-19 03:50:22,723 INFO  [default] Mouse Move (x=776,y=16)

2016-01-19 03:50:22,723 INFO  [default] Mouse Move (x=776,y=15)

2016-01-19 03:50:22,723 INFO  [default] Mouse Move (x=777,y=15)

2016-01-19 03:50:22,723 INFO  [default] Mouse Move (x=777,y=14)

2016-01-19 03:50:22,723 INFO  [default] Mouse Move (x=778,y=13)

2016-01-19 03:50:22,739 INFO  [default] Mouse Move (x=778,y=12)

2016-01-19 03:50:22,739 INFO  [default] Mouse Move (x=779,y=12)

2016-01-19 03:50:22,739 INFO  [default] Mouse Move (x=779,y=11)

2016-01-19 03:50:22,756 INFO  [default] Mouse Move (x=779,y=10)

2016-01-19 03:50:22,756 INFO  [default] Mouse Move (x=780,y=10)

2016-01-19 03:50:22,773 INFO  [default] Mouse Move (x=780,y=9)

2016-01-19 03:50:22,773 INFO  [default] Mouse Move (x=780,y=8)

2016-01-19 03:50:22,789 INFO  [default] Mouse Move (x=781,y=7)

2016-01-19 03:50:22,790 INFO  [default] Mouse Move (x=781,y=6)

2016-01-19 03:50:22,790 INFO  [default] Mouse Move (x=781,y=5)

2016-01-19 03:50:22,790 INFO  [default] Mouse Move (x=782,y=5)

2016-01-19 03:50:22,790 INFO  [default] Mouse Move (x=782,y=4)

2016-01-19 03:50:22,790 INFO  [default] Mouse Move (x=782,y=3)

2016-01-19 03:50:22,806 INFO  [default] Mouse Move (x=782,y=2)

2016-01-19 03:50:22,806 INFO  [default] Mouse Move (x=783,y=2)

2016-01-19 03:50:22,806 INFO  [default] Mouse Move (x=783,y=1)

2016-01-19 03:50:22,823 INFO  [default] Mouse Move (x=783,y=0)

2016-01-19 03:50:22,839 INFO  [default] Mouse Move (x=783,y=0)

2016-01-19 04:22:43,513 INFO  [default] Mouse Move (x=799,y=348)

2016-01-19 04:22:43,513 INFO  [default] Mouse Move (x=-2,y=-2)

2016-01-19 04:22:43,513 INFO  [default] Mouse Move (x=-2,y=0)

2016-01-19 04:22:43,513 INFO  [default] Mouse Move (x=-2,y=-2)

2016-01-19 04:22:43,513 INFO  [default] Mouse Move (x=-2,y=-2)

2016-01-19 04:22:43,513 INFO  [default] Mouse Move (x=-2,y=0)

2016-01-19 04:22:43,513 INFO  [default] Mouse Move (x=-2,y=-2)

2016-01-19 04:22:43,513 INFO  [default] Mouse Move (x=-2,y=-2)

2016-01-19 04:22:43,514 INFO  [default] Mouse Move (x=-2,y=0)

2016-01-19 04:22:43,514 INFO  [default] Mouse Move (x=-2,y=-2)

2016-01-19 04:22:43,514 INFO  [default] Mouse Move (x=-2,y=-2)

2016-01-19 04:22:43,514 INFO  [default] Mouse Move (x=-2,y=0)

2016-01-19 04:22:43,514 INFO  [default] Mouse Move (x=-2,y=0)

2016-01-19 04:22:43,514 INFO  [default] Mouse Move (x=-2,y=-2)

2016-01-19 04:22:43,514 INFO  [default] Mouse Move (x=-3,y=-2)

2016-01-19 04:22:43,529 INFO  [default] Mouse Move (x=-2,y=-2)

2016-01-19 04:22:43,529 INFO  [default] Mouse Move (x=-2,y=-2)

2016-01-19 04:22:43,529 INFO  [default] Mouse Move (x=-2,y=0)

2016-01-19 04:22:43,529 INFO  [default] Mouse Move (x=-2,y=-2)

2016-01-19 04:22:43,529 INFO  [default] Mouse Move (x=-2,y=0)

2016-01-19 04:22:43,530 INFO  [default] Mouse Move (x=-2,y=-2)

2016-01-19 04:22:43,530 INFO  [default] Mouse Move (x=-3,y=-2)

2016-01-19 04:22:43,530 INFO  [default] Mouse Move (x=-2,y=0)

2016-01-19 04:22:43,530 INFO  [default] Mouse Move (x=-2,y=-2)

2016-01-19 04:22:43,530 INFO  [default] Mouse Move (x=-2,y=0)

2016-01-19 04:22:43,530 INFO  [default] Mouse Move (x=-3,y=-2)

2016-01-19 04:22:43,530 INFO  [default] Mouse Move (x=-2,y=0)

2016-01-19 04:22:43,530 INFO  [default] Mouse Move (x=-2,y=-2)

2016-01-19 04:22:43,531 INFO  [default] Mouse Move (x=-3,y=-2)

2016-01-19 04:22:43,531 INFO  [default] Mouse Move (x=-2,y=0)

2016-01-19 04:22:43,531 INFO  [default] Mouse Move (x=-2,y=-2)

2016-01-19 04:22:43,531 INFO  [default] Mouse Move (x=-2,y=0)

2016-01-19 04:22:43,546 INFO  [default] Mouse Move (x=-3,y=-2)

2016-01-19 04:22:43,546 INFO  [default] Mouse Move (x=-2,y=-2)

2016-01-19 04:22:43,546 INFO  [default] Mouse Move (x=-2,y=0)

2016-01-19 04:22:43,546 INFO  [default] Mouse Move (x=-3,y=-2)

2016-01-19 04:22:43,546 INFO  [default] Mouse Move (x=-2,y=-2)

2016-01-19 04:22:43,546 INFO  [default] Mouse Move (x=-2,y=0)

2016-01-19 04:22:43,547 INFO  [default] Mouse Move (x=-3,y=0)

2016-01-19 04:22:43,547 INFO  [default] Mouse Move (x=-2,y=-2)

2016-01-19 04:22:43,547 INFO  [default] Mouse Move (x=-2,y=0)

2016-01-19 04:22:43,547 INFO  [default] Mouse Move (x=-2,y=-2)

2016-01-19 04:22:43,547 INFO  [default] Mouse Move (x=-3,y=-2)

2016-01-19 04:22:43,547 INFO  [default] Mouse Move (x=-2,y=0)

2016-01-19 04:22:43,547 INFO  [default] Mouse Move (x=-2,y=-2)

2016-01-19 04:22:43,547 INFO  [default] Mouse Move (x=-2,y=0)

2016-01-19 04:22:43,547 INFO  [default] Mouse Move (x=-2,y=-2)

2016-01-19 04:22:43,547 INFO  [default] Mouse Move (x=-3,y=0)

2016-01-19 04:22:43,563 INFO  [default] Mouse Move (x=-2,y=-2)

2016-01-19 04:22:43,563 INFO  [default] Mouse Move (x=-2,y=0)

2016-01-19 04:22:43,563 INFO  [default] Mouse Move (x=-2,y=-2)

2016-01-19 04:22:43,563 INFO  [default] Mouse Move (x=-2,y=0)

2016-01-19 04:22:43,563 INFO  [default] Mouse Move (x=-2,y=0)

2016-01-19 04:22:43,564 INFO  [default] Mouse Move (x=-2,y=-2)

2016-01-19 04:22:43,564 INFO  [default] Mouse Move (x=-2,y=0)

2016-01-19 04:22:43,564 INFO  [default] Mouse Move (x=-2,y=-2)

2016-01-19 04:22:43,564 INFO  [default] Mouse Move (x=-2,y=0)

2016-01-19 04:22:43,564 INFO  [default] Mouse Move (x=-2,y=0)

2016-01-19 04:22:43,564 INFO  [default] Mouse Move (x=-2,y=-2)

2016-01-19 04:22:43,564 INFO  [default] Mouse Move (x=-2,y=0)

2016-01-19 04:22:43,564 INFO  [default] Mouse Move (x=-2,y=-2)

2016-01-19 04:22:43,564 INFO  [default] Mouse Move (x=-2,y=0)

2016-01-19 04:22:43,564 INFO  [default] Mouse Move (x=-2,y=-2)

2016-01-19 04:22:43,580 INFO  [default] Mouse Move (x=-2,y=0)

2016-01-19 04:22:43,580 INFO  [default] Mouse Move (x=0,y=-2)

2016-01-19 04:22:43,580 INFO  [default] Mouse Move (x=-2,y=0)

2016-01-19 04:22:43,580 INFO  [default] Mouse Move (x=-2,y=-2)

2016-01-19 04:22:43,580 INFO  [default] Mouse Move (x=-2,y=0)

2016-01-19 04:22:43,580 INFO  [default] Mouse Move (x=-2,y=0)

2016-01-19 04:22:43,580 INFO  [default] Mouse Move (x=0,y=-2)

2016-01-19 04:22:43,581 INFO  [default] Mouse Move (x=-2,y=0)

2016-01-19 04:22:43,581 INFO  [default] Mouse Move (x=-2,y=0)

2016-01-19 04:22:43,581 INFO  [default] Mouse Move (x=0,y=-2)

2016-01-19 04:22:43,581 INFO  [default] Mouse Move (x=-2,y=-2)

2016-01-19 04:22:43,581 INFO  [default] Mouse Move (x=-2,y=0)

2016-01-19 04:22:43,581 INFO  [default] Mouse Move (x=-2,y=-2)

2016-01-19 04:22:43,596 INFO  [default] Mouse Move (x=-2,y=0)

2016-01-19 04:22:43,597 INFO  [default] Mouse Move (x=0,y=-2)

2016-01-19 04:22:43,597 INFO  [default] Mouse Move (x=-2,y=0)

2016-01-19 04:22:43,597 INFO  [default] Mouse Move (x=-2,y=0)

2016-01-19 04:22:43,597 INFO  [default] Mouse Move (x=-2,y=0)

2016-01-19 04:22:43,597 INFO  [default] Mouse Move (x=0,y=-2)

2016-01-19 04:22:43,597 INFO  [default] Mouse Move (x=-2,y=0)

2016-01-19 04:22:43,597 INFO  [default] Mouse Move (x=-2,y=-2)

2016-01-19 04:22:43,597 INFO  [default] Mouse Move (x=-2,y=0)

2016-01-19 04:22:43,597 INFO  [default] Mouse Move (x=-2,y=-1)

2016-01-19 04:22:43,597 INFO  [default] Mouse Move (x=-2,y=0)

2016-01-19 04:22:43,597 INFO  [default] Mouse Move (x=0,y=-2)

2016-01-19 04:22:43,613 INFO  [default] Mouse Move (x=-2,y=0)

2016-01-19 04:22:43,613 INFO  [default] Mouse Move (x=-1,y=0)

2016-01-19 04:22:43,613 INFO  [default] Mouse Move (x=-2,y=0)

2016-01-19 04:22:43,613 INFO  [default] Mouse Move (x=0,y=-2)

2016-01-19 04:22:43,613 INFO  [default] Mouse Move (x=-2,y=0)

2016-01-19 04:22:43,613 INFO  [default] Mouse Move (x=-2,y=0)

2016-01-19 04:22:43,613 INFO  [default] Mouse Move (x=0,y=-2)

2016-01-19 04:22:43,613 INFO  [default] Mouse Move (x=-2,y=0)

2016-01-19 04:22:43,613 INFO  [default] Mouse Move (x=-2,y=0)

2016-01-19 04:22:43,613 INFO  [default] Mouse Move (x=-1,y=0)

2016-01-19 04:22:43,613 INFO  [default] Mouse Move (x=0,y=-2)

2016-01-19 04:22:43,630 INFO  [default] Mouse Move (x=-2,y=0)

2016-01-19 04:22:43,630 INFO  [default] Mouse Move (x=-2,y=0)

2016-01-19 04:22:43,630 INFO  [default] Mouse Move (x=-2,y=0)

2016-01-19 04:22:43,630 INFO  [default] Mouse Move (x=-1,y=0)

2016-01-19 04:22:43,630 INFO  [default] Mouse Move (x=-2,y=-1)

2016-01-19 04:22:43,630 INFO  [default] Mouse Move (x=-2,y=0)

2016-01-19 04:22:43,630 INFO  [default] Mouse Move (x=-1,y=0)

2016-01-19 04:22:43,630 INFO  [default] Mouse Move (x=-2,y=0)

2016-01-19 04:22:43,630 INFO  [default] Mouse Move (x=-2,y=0)

2016-01-19 04:22:43,630 INFO  [default] Mouse Move (x=0,y=-2)

2016-01-19 04:22:43,646 INFO  [default] Mouse Move (x=-1,y=0)

2016-01-19 04:22:43,647 INFO  [default] Mouse Move (x=-2,y=0)

2016-01-19 04:22:43,647 INFO  [default] Mouse Move (x=-2,y=0)

2016-01-19 04:22:43,647 INFO  [default] Mouse Move (x=-2,y=0)

2016-01-19 04:22:43,647 INFO  [default] Mouse Move (x=0,y=-2)

2016-01-19 04:22:43,647 INFO  [default] Mouse Move (x=-1,y=0)

2016-01-19 04:22:43,647 INFO  [default] Mouse Move (x=-2,y=0)

2016-01-19 04:22:43,647 INFO  [default] Mouse Move (x=-2,y=0)

2016-01-19 04:22:43,647 INFO  [default] Mouse Move (x=-2,y=0)

2016-01-19 04:22:43,647 INFO  [default] Mouse Move (x=-1,y=0)

2016-01-19 04:22:43,647 INFO  [default] Mouse Move (x=-2,y=0)

2016-01-19 04:22:43,663 INFO  [default] Mouse Move (x=0,y=-2)

2016-01-19 04:22:43,663 INFO  [default] Mouse Move (x=-2,y=0)

2016-01-19 04:22:43,663 INFO  [default] Mouse Move (x=-2,y=0)

2016-01-19 04:22:43,663 INFO  [default] Mouse Move (x=-2,y=0)

2016-01-19 04:22:43,663 INFO  [default] Mouse Move (x=-1,y=0)

2016-01-19 04:22:43,663 INFO  [default] Mouse Move (x=-2,y=0)

2016-01-19 04:22:43,663 INFO  [default] Mouse Move (x=0,y=-1)

2016-01-19 04:22:43,664 INFO  [default] Mouse Move (x=-2,y=0)

2016-01-19 04:22:43,680 INFO  [default] Mouse Move (x=-1,y=0)

2016-01-19 04:22:43,680 INFO  [default] Mouse Move (x=-2,y=0)

2016-01-19 04:22:43,680 INFO  [default] Mouse Move (x=-1,y=0)

2016-01-19 04:22:43,680 INFO  [default] Mouse Move (x=0,y=-1)

2016-01-19 04:22:43,680 INFO  [default] Mouse Move (x=-1,y=0)

2016-01-19 04:22:43,697 INFO  [default] Mouse Move (x=-1,y=0)

2016-01-19 04:22:43,697 INFO  [default] Mouse Move (x=-1,y=0)

2016-01-19 04:22:43,697 INFO  [default] Mouse Move (x=-1,y=0)

2016-01-19 04:22:43,697 INFO  [default] Mouse Move (x=-1,y=0)

2016-01-19 04:22:43,697 INFO  [default] Mouse Move (x=-1,y=0)

2016-01-19 04:22:43,697 INFO  [default] Mouse Move (x=-1,y=0)

2016-01-19 04:22:43,713 INFO  [default] Mouse Move (x=-1,y=0)

2016-01-19 04:22:43,713 INFO  [default] Mouse Move (x=0,y=-1)

2016-01-19 04:22:43,713 INFO  [default] Mouse Move (x=-1,y=0)

2016-01-19 04:22:43,713 INFO  [default] Mouse Move (x=-1,y=0)

2016-01-19 04:22:43,713 INFO  [default] Mouse Move (x=-1,y=0)

2016-01-19 04:22:43,713 INFO  [default] Mouse Move (x=-1,y=0)

2016-01-19 04:22:43,730 INFO  [default] Mouse Move (x=-1,y=0)

2016-01-19 04:22:43,730 INFO  [default] Mouse Move (x=-1,y=0)

2016-01-19 04:22:43,730 INFO  [default] Mouse Move (x=-1,y=0)

2016-01-19 04:22:43,730 INFO  [default] Mouse Move (x=-1,y=0)

2016-01-19 04:22:43,730 INFO  [default] Mouse Move (x=-1,y=0)

2016-01-19 04:22:43,730 INFO  [default] Mouse Move (x=-1,y=0)

2016-01-19 04:22:43,730 INFO  [default] Mouse Move (x=-1,y=0)

2016-01-19 04:22:43,747 INFO  [default] Mouse Move (x=-1,y=0)

2016-01-19 04:22:43,747 INFO  [default] Mouse Move (x=-1,y=0)

2016-01-19 04:22:43,747 INFO  [default] Mouse Move (x=-1,y=0)

2016-01-19 04:22:43,747 INFO  [default] Mouse Move (x=-1,y=0)

2016-01-19 04:22:43,747 INFO  [default] Mouse Move (x=-1,y=0)

2016-01-19 04:22:43,747 INFO  [default] Mouse Move (x=-2,y=0)

2016-01-19 04:22:43,747 INFO  [default] Mouse Move (x=-1,y=0)

2016-01-19 04:22:43,747 INFO  [default] Mouse Move (x=-2,y=0)

2016-01-19 04:22:43,747 INFO  [default] Mouse Move (x=-1,y=0)

2016-01-19 04:22:43,747 INFO  [default] Mouse Move (x=-2,y=0)

2016-01-19 04:22:43,763 INFO  [default] Mouse Move (x=-2,y=0)

2016-01-19 04:22:43,763 INFO  [default] Mouse Move (x=-1,y=0)

2016-01-19 04:22:43,763 INFO  [default] Mouse Move (x=-2,y=0)

2016-01-19 04:22:43,763 INFO  [default] Mouse Move (x=-2,y=0)

2016-01-19 04:22:43,763 INFO  [default] Mouse Move (x=-2,y=0)

2016-01-19 04:22:43,763 INFO  [default] Mouse Move (x=-1,y=0)

2016-01-19 04:22:43,764 INFO  [default] Mouse Move (x=-2,y=0)

2016-01-19 04:22:43,764 INFO  [default] Mouse Move (x=-2,y=0)

2016-01-19 04:22:43,764 INFO  [default] Mouse Move (x=-2,y=0)

2016-01-19 04:22:43,780 INFO  [default] Mouse Move (x=-1,y=0)

2016-01-19 04:22:43,780 INFO  [default] Mouse Move (x=-2,y=-2)

2016-01-19 04:22:43,780 INFO  [default] Mouse Move (x=-2,y=0)

2016-01-19 04:22:43,780 INFO  [default] Mouse Move (x=-2,y=0)

2016-01-19 04:22:43,780 INFO  [default] Mouse Move (x=-1,y=0)

2016-01-19 04:22:43,780 INFO  [default] Mouse Move (x=-2,y=0)

2016-01-19 04:22:43,780 INFO  [default] Mouse Move (x=-2,y=0)

2016-01-19 04:22:43,797 INFO  [default] Mouse Move (x=-1,y=0)

2016-01-19 04:22:43,797 INFO  [default] Mouse Move (x=-2,y=0)

2016-01-19 04:22:43,797 INFO  [default] Mouse Move (x=-2,y=0)

2016-01-19 04:22:43,797 INFO  [default] Mouse Move (x=-1,y=0)

2016-01-19 04:22:43,797 INFO  [default] Mouse Move (x=-2,y=0)

2016-01-19 04:22:43,797 INFO  [default] Mouse Move (x=-1,y=0)

2016-01-19 04:22:43,813 INFO  [default] Mouse Move (x=-2,y=0)

2016-01-19 04:22:43,813 INFO  [default] Mouse Move (x=-1,y=0)

2016-01-19 04:22:43,813 INFO  [default] Mouse Move (x=-1,y=0)

2016-01-19 04:22:43,813 INFO  [default] Mouse Move (x=-1,y=0)

2016-01-19 04:22:43,830 INFO  [default] Mouse Move (x=-1,y=0)

2016-01-19 04:22:43,847 INFO  [default] Mouse Move (x=-1,y=0)

2016-01-19 04:22:45,298 INFO  [default] Mouse Move (x=1,y=0)

2016-01-19 04:22:45,314 INFO  [default] Mouse Move (x=1,y=0)

2016-01-19 04:22:45,314 INFO  [default] Mouse Move (x=1,y=0)

2016-01-19 04:22:45,331 INFO  [default] Mouse Move (x=1,y=0)

2016-01-19 04:22:45,348 INFO  [default] Mouse Move (x=0,y=1)

2016-01-19 04:22:45,348 INFO  [default] Mouse Move (x=1,y=0)

2016-01-19 04:22:45,415 INFO  [default] Mouse Move (x=1,y=0)

2016-01-19 04:22:45,482 INFO  [default] Mouse Move (x=1,y=0)

2016-01-19 04:22:46,098 INFO  [default] Mouse Move (x=1,y=0)

2016-01-19 04:22:46,115 INFO  [default] Mouse Move (x=1,y=0)

2016-01-19 04:22:46,149 INFO  [default] Mouse Move (x=1,y=0)

2016-01-19 04:22:46,166 INFO  [default] Mouse Move (x=1,y=0)

2016-01-19 04:22:46,199 INFO  [default] Mouse Move (x=1,y=0)

2016-01-19 04:22:46,220 INFO  [default] Mouse Move (x=0,y=1)

2016-01-19 04:22:46,266 INFO  [default] Mouse Move (x=0,y=1)

2016-01-19 04:22:46,299 INFO  [default] Mouse Move (x=0,y=1)

2016-01-19 04:22:46,316 INFO  [default] Mouse Move (x=0,y=1)

2016-01-19 04:22:46,333 INFO  [default] Mouse Move (x=0,y=1)

2016-01-19 04:22:46,350 INFO  [default] Mouse Move (x=0,y=1)

2016-01-19 04:22:46,350 INFO  [default] Mouse Move (x=0,y=1)

2016-01-19 04:22:46,366 INFO  [default] Mouse Move (x=0,y=1)

2016-01-19 04:22:46,366 INFO  [default] Mouse Move (x=0,y=1)

2016-01-19 04:22:46,383 INFO  [default] Mouse Move (x=0,y=1)

2016-01-19 04:22:46,399 INFO  [default] Mouse Move (x=0,y=1)

2016-01-19 04:22:46,399 INFO  [default] Mouse Move (x=-1,y=0)

2016-01-19 04:22:46,399 INFO  [default] Mouse Move (x=0,y=1)

2016-01-19 04:22:46,433 INFO  [default] Mouse Move (x=0,y=1)

2016-01-19 04:22:46,449 INFO  [default] Mouse Move (x=0,y=1)

2016-01-19 04:22:46,449 INFO  [default] Mouse Move (x=0,y=1)

2016-01-19 04:22:46,466 INFO  [default] Mouse Move (x=0,y=1)

2016-01-19 04:22:46,483 INFO  [default] Mouse Move (x=0,y=1)

2016-01-19 04:22:46,500 INFO  [default] Mouse Move (x=0,y=1)

2016-01-19 04:22:46,516 INFO  [default] Mouse Move (x=0,y=1)

2016-01-19 04:22:46,533 INFO  [default] Mouse Move (x=-1,y=1)

2016-01-19 04:22:46,550 INFO  [default] Mouse Move (x=0,y=1)

2016-01-19 04:22:46,600 INFO  [default] Mouse Move (x=0,y=1)

2016-01-19 04:22:46,633 INFO  [default] Mouse Move (x=0,y=1)

2016-01-19 04:22:46,650 INFO  [default] Mouse Move (x=0,y=1)

2016-01-19 04:22:46,666 INFO  [default] Mouse Move (x=0,y=1)

2016-01-19 04:22:46,700 INFO  [default] Mouse Move (x=0,y=1)

2016-01-19 04:22:46,716 INFO  [default] Mouse Move (x=0,y=1)

2016-01-19 04:22:46,733 INFO  [default] Mouse Move (x=-1,y=0)

2016-01-19 04:22:46,750 INFO  [default] Mouse Move (x=0,y=1)

2016-01-19 04:22:46,766 INFO  [default] Mouse Move (x=-1,y=0)

2016-01-19 04:22:46,783 INFO  [default] Mouse Move (x=-1,y=0)

2016-01-19 04:22:46,800 INFO  [default] Mouse Move (x=0,y=1)

2016-01-19 04:22:46,800 INFO  [default] Mouse Move (x=-1,y=0)

2016-01-19 04:22:46,817 INFO  [default] Mouse Move (x=0,y=1)

2016-01-19 04:22:46,817 INFO  [default] Mouse Move (x=-1,y=0)

2016-01-19 04:22:46,833 INFO  [default] Mouse Move (x=-1,y=0)

2016-01-19 04:22:46,850 INFO  [default] Mouse Move (x=-1,y=0)

2016-01-19 04:22:46,867 INFO  [default] Mouse Move (x=-1,y=0)

2016-01-19 04:22:46,900 INFO  [default] Mouse Move (x=-1,y=0)

2016-01-19 04:22:46,950 INFO  [default] Mouse Move (x=-1,y=0)

2016-01-19 04:22:47,100 INFO  [default] Mouse Move (x=-1,y=0)

2016-01-19 04:22:47,133 INFO  [default] Mouse Move (x=-1,y=0)

2016-01-19 04:22:47,150 INFO  [default] Mouse Move (x=-1,y=0)

2016-01-19 04:22:47,167 INFO  [default] Mouse Move (x=-1,y=0)

2016-01-19 04:22:47,200 INFO  [default] Mouse Move (x=-1,y=0)

2016-01-19 04:22:47,534 INFO  [default] Mouse Move (x=0,y=-1)

2016-01-19 04:22:47,534 INFO  [default] Mouse Move (x=-1,y=0)

2016-01-19 04:22:47,534 INFO  [default] Mouse Move (x=0,y=-1)

2016-01-19 04:22:47,534 INFO  [default] Mouse Move (x=-1,y=0)

2016-01-19 04:22:47,550 INFO  [default] Mouse Move (x=-1,y=-1)

2016-01-19 04:22:47,551 INFO  [default] Mouse Move (x=-2,y=0)

2016-01-19 04:22:47,551 INFO  [default] Mouse Move (x=-1,y=-2)

2016-01-19 04:22:47,551 INFO  [default] Mouse Move (x=-2,y=0)

2016-01-19 04:22:47,551 INFO  [default] Mouse Move (x=-2,y=-1)

2016-01-19 04:22:47,551 INFO  [default] Mouse Move (x=-2,y=0)

2016-01-19 04:22:47,551 INFO  [default] Mouse Move (x=0,y=-2)

2016-01-19 04:22:47,551 INFO  [default] Mouse Move (x=-2,y=0)

2016-01-19 04:22:47,551 INFO  [default] Mouse Move (x=-1,y=0)

2016-01-19 04:22:47,551 INFO  [default] Mouse Move (x=-2,y=-2)

2016-01-19 04:22:47,551 INFO  [default] Mouse Move (x=-2,y=0)

2016-01-19 04:22:47,551 INFO  [default] Mouse Move (x=-2,y=0)

2016-01-19 04:22:47,551 INFO  [default] Mouse Move (x=-2,y=0)

2016-01-19 04:22:47,551 INFO  [default] Mouse Move (x=-2,y=-2)

2016-01-19 04:22:47,552 INFO  [default] Mouse Move (x=-2,y=0)

2016-01-19 04:22:47,567 INFO  [default] Mouse Move (x=-2,y=-2)

2016-01-19 04:22:47,567 INFO  [default] Mouse Move (x=-2,y=0)

2016-01-19 04:22:47,567 INFO  [default] Mouse Move (x=-2,y=0)

2016-01-19 04:22:47,567 INFO  [default] Mouse Move (x=-3,y=-2)

2016-01-19 04:22:47,567 INFO  [default] Mouse Move (x=-2,y=0)

2016-01-19 04:22:47,567 INFO  [default] Mouse Move (x=-3,y=0)

2016-01-19 04:22:47,567 INFO  [default] Mouse Move (x=-2,y=-2)

2016-01-19 04:22:47,567 INFO  [default] Mouse Move (x=-2,y=0)

2016-01-19 04:22:47,567 INFO  [default] Mouse Move (x=-3,y=-2)

2016-01-19 04:22:47,567 INFO  [default] Mouse Move (x=-2,y=0)

2016-01-19 04:22:47,567 INFO  [default] Mouse Move (x=-3,y=-2)

2016-01-19 04:22:47,567 INFO  [default] Mouse Move (x=-3,y=0)

2016-01-19 04:22:47,567 INFO  [default] Mouse Move (x=-2,y=0)

2016-01-19 04:22:47,567 INFO  [default] Mouse Move (x=-3,y=-2)

2016-01-19 04:22:47,568 INFO  [default] Mouse Move (x=-2,y=0)

2016-01-19 04:22:47,568 INFO  [default] Mouse Move (x=-3,y=-2)

2016-01-19 04:22:47,584 INFO  [default] Mouse Move (x=-3,y=0)

2016-01-19 04:22:47,584 INFO  [default] Mouse Move (x=-3,y=-2)

2016-01-19 04:22:47,585 INFO  [default] Mouse Move (x=-3,y=0)

2016-01-19 04:22:47,585 INFO  [default] Mouse Move (x=-2,y=-2)

2016-01-19 04:22:47,585 INFO  [default] Mouse Move (x=-3,y=0)

2016-01-19 04:22:47,585 INFO  [default] Mouse Move (x=-2,y=0)

2016-01-19 04:22:47,585 INFO  [default] Mouse Move (x=-3,y=-2)

2016-01-19 04:22:47,585 INFO  [default] Mouse Move (x=-3,y=0)

2016-01-19 04:22:47,585 INFO  [default] Mouse Move (x=-3,y=-2)

2016-01-19 04:22:47,585 INFO  [default] Mouse Move (x=-3,y=0)

2016-01-19 04:22:47,585 INFO  [default] Mouse Move (x=-2,y=-2)

2016-01-19 04:22:47,585 INFO  [default] Mouse Move (x=-3,y=0)

2016-01-19 04:22:47,585 INFO  [default] Mouse Move (x=-3,y=0)

2016-01-19 04:22:47,585 INFO  [default] Mouse Move (x=-2,y=-2)

2016-01-19 04:22:47,585 INFO  [default] Mouse Move (x=-3,y=0)

2016-01-19 04:22:47,585 INFO  [default] Mouse Move (x=-2,y=0)

2016-01-19 04:22:47,585 INFO  [default] Mouse Move (x=-5,y=-2)

2016-01-19 04:22:47,585 INFO  [default] Mouse Move (x=-2,y=0)

2016-01-19 04:22:47,601 INFO  [default] Mouse Move (x=-3,y=-2)

2016-01-19 04:22:47,601 INFO  [default] Mouse Move (x=-3,y=0)

2016-01-19 04:22:47,601 INFO  [default] Mouse Move (x=-2,y=0)

2016-01-19 04:22:47,602 INFO  [default] Mouse Move (x=-3,y=-2)

2016-01-19 04:22:47,602 INFO  [default] Mouse Move (x=-3,y=0)

2016-01-19 04:22:47,602 INFO  [default] Mouse Move (x=-3,y=0)

2016-01-19 04:22:47,602 INFO  [default] Mouse Move (x=-3,y=-2)

2016-01-19 04:22:47,602 INFO  [default] Mouse Move (x=-2,y=0)

2016-01-19 04:22:47,602 INFO  [default] Mouse Move (x=-3,y=0)

2016-01-19 04:22:47,602 INFO  [default] Mouse Move (x=-2,y=-2)

2016-01-19 04:22:47,602 INFO  [default] Mouse Move (x=-3,y=0)

2016-01-19 04:22:47,602 INFO  [default] Mouse Move (x=-2,y=0)

2016-01-19 04:22:47,602 INFO  [default] Mouse Move (x=-5,y=-2)

2016-01-19 04:22:47,602 INFO  [default] Mouse Move (x=-2,y=0)

2016-01-19 04:22:47,602 INFO  [default] Mouse Move (x=-2,y=0)

2016-01-19 04:22:47,602 INFO  [default] Mouse Move (x=-3,y=0)

2016-01-19 04:22:47,602 INFO  [default] Mouse Move (x=-2,y=-2)

2016-01-19 04:22:47,618 INFO  [default] Mouse Move (x=-3,y=0)

2016-01-19 04:22:47,618 INFO  [default] Mouse Move (x=-2,y=0)

2016-01-19 04:22:47,618 INFO  [default] Mouse Move (x=-3,y=-2)

2016-01-19 04:22:47,618 INFO  [default] Mouse Move (x=-2,y=0)

2016-01-19 04:22:47,618 INFO  [default] Mouse Move (x=-2,y=-2)

2016-01-19 04:22:47,618 INFO  [default] Mouse Move (x=-2,y=0)

2016-01-19 04:22:47,618 INFO  [default] Mouse Move (x=-3,y=0)

2016-01-19 04:22:47,618 INFO  [default] Mouse Move (x=-2,y=0)

2016-01-19 04:22:47,618 INFO  [default] Mouse Move (x=-2,y=0)

2016-01-19 04:22:47,618 INFO  [default] Mouse Move (x=-2,y=-2)

2016-01-19 04:22:47,618 INFO  [default] Mouse Move (x=-2,y=0)

2016-01-19 04:22:47,618 INFO  [default] Mouse Move (x=-2,y=0)

2016-01-19 04:22:47,618 INFO  [default] Mouse Move (x=-2,y=0)

2016-01-19 04:22:47,618 INFO  [default] Mouse Move (x=-2,y=-2)

2016-01-19 04:22:47,618 INFO  [default] Mouse Move (x=-2,y=0)

2016-01-19 04:22:47,634 INFO  [default] Mouse Move (x=-2,y=0)

2016-01-19 04:22:47,634 INFO  [default] Mouse Move (x=-2,y=0)

2016-01-19 04:22:47,634 INFO  [default] Mouse Move (x=-2,y=0)

2016-01-19 04:22:47,634 INFO  [default] Mouse Move (x=-2,y=-2)

2016-01-19 04:22:47,634 INFO  [default] Mouse Move (x=-2,y=0)

2016-01-19 04:22:47,634 INFO  [default] Mouse Move (x=-2,y=0)

2016-01-19 04:22:47,668 INFO  [default] Mouse Move (x=1,y=0)

2016-01-19 04:22:47,668 INFO  [default] Mouse Move (x=1,y=0)

2016-01-19 04:22:47,684 INFO  [default] Mouse Move (x=1,y=0)

2016-01-19 04:22:47,684 INFO  [default] Mouse Move (x=1,y=0)

2016-01-19 04:22:47,701 INFO  [default] Mouse Move (x=1,y=0)

2016-01-19 04:22:47,701 INFO  [default] Mouse Move (x=1,y=0)

2016-01-19 04:22:47,701 INFO  [default] Mouse Move (x=1,y=0)

2016-01-19 04:22:47,701 INFO  [default] Mouse Move (x=0,y=1)

2016-01-19 04:22:47,701 INFO  [default] Mouse Move (x=1,y=0)

2016-01-19 04:22:47,718 INFO  [default] Mouse Move (x=1,y=0)

2016-01-19 04:22:47,718 INFO  [default] Mouse Move (x=1,y=0)

2016-01-19 04:22:47,718 INFO  [default] Mouse Move (x=1,y=0)

2016-01-19 04:22:47,734 INFO  [default] Mouse Move (x=1,y=1)

2016-01-19 04:22:47,734 INFO  [default] Mouse Move (x=1,y=0)

2016-01-19 04:22:47,734 INFO  [default] Mouse Move (x=1,y=0)

2016-01-19 04:22:47,735 INFO  [default] Mouse Move (x=1,y=0)

2016-01-19 04:22:47,751 INFO  [default] Mouse Move (x=1,y=0)

2016-01-19 04:22:47,751 INFO  [default] Mouse Move (x=1,y=0)

2016-01-19 04:22:47,768 INFO  [default] Mouse Move (x=1,y=0)

2016-01-19 04:22:47,818 INFO  [default] Mouse Move (x=1,y=0)

2016-01-19 04:22:47,851 INFO  [default] Mouse Move (x=0,y=1)

2016-01-19 04:22:48,301 INFO  [default] Mouse Move (x=1,y=0)

2016-01-19 04:22:48,352 INFO  [default] Mouse Move (x=1,y=0)

2016-01-19 04:22:48,369 INFO  [default] Mouse Move (x=1,y=0)

2016-01-19 04:22:48,369 INFO  [default] Mouse Move (x=1,y=0)

2016-01-19 04:22:48,385 INFO  [default] Mouse Move (x=1,y=0)

2016-01-19 04:22:48,385 INFO  [default] Mouse Move (x=1,y=0)

2016-01-19 04:22:48,402 INFO  [default] Mouse Move (x=1,y=0)

2016-01-19 04:22:48,402 INFO  [default] Mouse Move (x=1,y=0)

2016-01-19 04:22:48,402 INFO  [default] Mouse Move (x=1,y=0)

2016-01-19 04:22:48,418 INFO  [default] Mouse Move (x=1,y=0)

2016-01-19 04:22:48,418 INFO  [default] Mouse Move (x=1,y=0)

2016-01-19 04:22:48,419 INFO  [default] Mouse Move (x=1,y=0)

2016-01-19 04:22:48,435 INFO  [default] Mouse Move (x=1,y=0)

2016-01-19 04:22:48,435 INFO  [default] Mouse Move (x=1,y=0)

2016-01-19 04:22:48,436 INFO  [default] Mouse Move (x=1,y=0)

2016-01-19 04:22:48,436 INFO  [default] Mouse Move (x=1,y=0)

2016-01-19 04:22:48,452 INFO  [default] Mouse Move (x=1,y=0)

2016-01-19 04:22:48,452 INFO  [default] Mouse Move (x=1,y=0)

2016-01-19 04:22:48,452 INFO  [default] Mouse Move (x=1,y=1)

2016-01-19 04:22:48,469 INFO  [default] Mouse Move (x=1,y=0)

2016-01-19 04:22:48,469 INFO  [default] Mouse Move (x=1,y=0)

2016-01-19 04:22:48,485 INFO  [default] Mouse Move (x=1,y=0)

2016-01-19 04:22:48,502 INFO  [default] Mouse Move (x=1,y=0)

2016-01-19 04:22:48,518 INFO  [default] Mouse Move (x=1,y=0)

2016-01-19 04:22:48,535 INFO  [default] Mouse Move (x=1,y=0)

2016-01-19 04:22:48,569 INFO  [default] Mouse Move (x=1,y=1)

2016-01-19 04:22:48,602 INFO  [default] Mouse Move (x=1,y=0)

2016-01-19 04:22:48,619 INFO  [default] Mouse Move (x=1,y=0)

2016-01-19 04:22:48,835 INFO  [default] Mouse Click (1,x=325,y=213)

2016-01-19 04:22:48,868 INFO  [default] Mouse UP (1,x=325,y=213)

2016-01-19 04:22:50,420 INFO  [default] Mouse Click (1,x=325,y=213)

2016-01-19 04:22:50,954 INFO  [default] Mouse Click (3,x=325,y=213)

2016-01-19 04:22:51,905 INFO  [default] Mouse UP (3,x=325,y=213)

2016-01-19 04:22:57,862 INFO  [default] Mouse Click (3,x=325,y=213)

2016-01-19 04:22:58,513 INFO  [default] Mouse Move (x=1,y=1)

2016-01-19 04:22:58,513 INFO  [default] Mouse Move (x=0,y=1)

2016-01-19 04:22:58,514 INFO  [default] Mouse Move (x=1,y=1)

2016-01-19 04:22:58,530 INFO  [default] Mouse Move (x=0,y=1)

2016-01-19 04:22:58,530 INFO  [default] Mouse Move (x=1,y=0)

2016-01-19 04:22:58,547 INFO  [default] Mouse Move (x=0,y=1)

2016-01-19 04:22:58,580 INFO  [default] Mouse Move (x=0,y=1)

2016-01-19 04:22:58,597 INFO  [default] Mouse Move (x=1,y=0)

2016-01-19 04:22:58,613 INFO  [default] Mouse Move (x=0,y=1)

2016-01-19 04:23:01,933 INFO  [default] Mouse UP (3,x=329,y=220)

2016-01-19 04:23:01,984 INFO  [default] Mouse UP (1,x=329,y=220)

2016-01-19 04:23:02,450 INFO  [default] Mouse Move (x=1,y=0)

2016-01-19 04:23:02,450 INFO  [default] Mouse Move (x=1,y=0)

2016-01-19 04:23:02,451 INFO  [default] Mouse Move (x=1,y=0)

2016-01-19 04:23:02,467 INFO  [default] Mouse Move (x=1,y=0)

2016-01-19 04:23:02,467 INFO  [default] Mouse Move (x=1,y=0)

2016-01-19 04:23:02,467 INFO  [default] Mouse Move (x=1,y=0)

2016-01-19 04:23:02,467 INFO  [default] Mouse Move (x=1,y=0)

2016-01-19 04:23:02,467 INFO  [default] Mouse Move (x=1,y=0)

2016-01-19 04:23:02,484 INFO  [default] Mouse Move (x=1,y=0)

2016-01-19 04:23:02,484 INFO  [default] Mouse Move (x=1,y=0)

2016-01-19 04:23:02,484 INFO  [default] Mouse Move (x=1,y=0)

2016-01-19 04:23:02,484 INFO  [default] Mouse Move (x=1,y=0)

2016-01-19 04:23:02,484 INFO  [default] Mouse Move (x=1,y=0)

2016-01-19 04:23:02,484 INFO  [default] Mouse Move (x=1,y=0)

2016-01-19 04:23:02,501 INFO  [default] Mouse Move (x=1,y=0)

2016-01-19 04:23:02,501 INFO  [default] Mouse Move (x=1,y=0)

2016-01-19 04:23:02,501 INFO  [default] Mouse Move (x=1,y=0)

2016-01-19 04:23:02,501 INFO  [default] Mouse Move (x=1,y=0)

2016-01-19 04:23:02,501 INFO  [default] Mouse Move (x=1,y=0)

2016-01-19 04:23:02,501 INFO  [default] Mouse Move (x=2,y=0)

2016-01-19 04:23:02,501 INFO  [default] Mouse Move (x=1,y=0)

2016-01-19 04:23:02,501 INFO  [default] Mouse Move (x=1,y=0)

2016-01-19 04:23:02,501 INFO  [default] Mouse Move (x=2,y=0)

2016-01-19 04:23:02,518 INFO  [default] Mouse Move (x=1,y=0)

2016-01-19 04:23:02,518 INFO  [default] Mouse Move (x=2,y=0)

2016-01-19 04:23:02,518 INFO  [default] Mouse Move (x=1,y=0)

2016-01-19 04:23:02,518 INFO  [default] Mouse Move (x=2,y=0)

2016-01-19 04:23:02,518 INFO  [default] Mouse Move (x=2,y=0)

2016-01-19 04:23:02,518 INFO  [default] Mouse Move (x=1,y=0)

2016-01-19 04:23:02,518 INFO  [default] Mouse Move (x=2,y=0)

2016-01-19 04:23:02,518 INFO  [default] Mouse Move (x=2,y=0)

2016-01-19 04:23:02,518 INFO  [default] Mouse Move (x=2,y=0)

2016-01-19 04:23:02,518 INFO  [default] Mouse Move (x=1,y=0)

2016-01-19 04:23:02,535 INFO  [default] Mouse Move (x=2,y=0)

2016-01-19 04:23:02,535 INFO  [default] Mouse Move (x=2,y=0)

2016-01-19 04:23:02,535 INFO  [default] Mouse Move (x=2,y=0)

2016-01-19 04:23:02,535 INFO  [default] Mouse Move (x=3,y=0)

2016-01-19 04:23:02,535 INFO  [default] Mouse Move (x=2,y=0)

2016-01-19 04:23:02,535 INFO  [default] Mouse Move (x=2,y=0)

2016-01-19 04:23:02,535 INFO  [default] Mouse Move (x=1,y=0)

2016-01-19 04:23:02,535 INFO  [default] Mouse Move (x=2,y=0)

2016-01-19 04:23:02,535 INFO  [default] Mouse Move (x=2,y=0)

2016-01-19 04:23:02,535 INFO  [default] Mouse Move (x=2,y=0)

2016-01-19 04:23:02,535 INFO  [default] Mouse Move (x=2,y=0)

2016-01-19 04:23:02,535 INFO  [default] Mouse Move (x=2,y=0)

2016-01-19 04:23:02,535 INFO  [default] Mouse Move (x=2,y=0)

2016-01-19 04:23:02,551 INFO  [default] Mouse Move (x=2,y=0)

2016-01-19 04:23:02,551 INFO  [default] Mouse Move (x=2,y=0)

2016-01-19 04:23:02,551 INFO  [default] Mouse Move (x=2,y=0)

2016-01-19 04:23:02,551 INFO  [default] Mouse Move (x=2,y=0)

2016-01-19 04:23:02,551 INFO  [default] Mouse Move (x=2,y=0)

2016-01-19 04:23:02,551 INFO  [default] Mouse Move (x=2,y=0)

2016-01-19 04:23:02,551 INFO  [default] Mouse Move (x=2,y=0)

2016-01-19 04:23:02,551 INFO  [default] Mouse Move (x=2,y=0)

2016-01-19 04:23:02,551 INFO  [default] Mouse Move (x=2,y=0)

2016-01-19 04:23:02,551 INFO  [default] Mouse Move (x=3,y=0)

2016-01-19 04:23:02,551 INFO  [default] Mouse Move (x=2,y=0)

2016-01-19 04:23:02,552 INFO  [default] Mouse Move (x=2,y=0)

2016-01-19 04:23:02,552 INFO  [default] Mouse Move (x=2,y=0)

2016-01-19 04:23:02,552 INFO  [default] Mouse Move (x=2,y=0)

2016-01-19 04:23:02,552 INFO  [default] Mouse Move (x=2,y=0)

2016-01-19 04:23:02,552 INFO  [default] Mouse Move (x=2,y=0)

2016-01-19 04:23:02,568 INFO  [default] Mouse Move (x=3,y=0)

2016-01-19 04:23:02,568 INFO  [default] Mouse Move (x=2,y=0)

2016-01-19 04:23:02,568 INFO  [default] Mouse Move (x=2,y=0)

2016-01-19 04:23:02,568 INFO  [default] Mouse Move (x=2,y=0)

2016-01-19 04:23:02,568 INFO  [default] Mouse Move (x=2,y=0)

2016-01-19 04:23:02,568 INFO  [default] Mouse Move (x=2,y=0)

2016-01-19 04:23:02,568 INFO  [default] Mouse Move (x=3,y=2)

2016-01-19 04:23:02,568 INFO  [default] Mouse Move (x=2,y=0)

2016-01-19 04:23:02,568 INFO  [default] Mouse Move (x=2,y=0)

2016-01-19 04:23:02,568 INFO  [default] Mouse Move (x=2,y=0)

2016-01-19 04:23:02,568 INFO  [default] Mouse Move (x=2,y=0)

2016-01-19 04:23:02,568 INFO  [default] Mouse Move (x=2,y=0)

2016-01-19 04:23:02,568 INFO  [default] Mouse Move (x=3,y=0)

2016-01-19 04:23:02,568 INFO  [default] Mouse Move (x=2,y=0)

2016-01-19 04:23:02,569 INFO  [default] Mouse Move (x=2,y=0)

2016-01-19 04:23:02,569 INFO  [default] Mouse Move (x=2,y=0)

2016-01-19 04:23:02,585 INFO  [default] Mouse Move (x=3,y=0)

2016-01-19 04:23:02,585 INFO  [default] Mouse Move (x=2,y=0)

2016-01-19 04:23:02,585 INFO  [default] Mouse Move (x=2,y=0)

2016-01-19 04:23:02,585 INFO  [default] Mouse Move (x=2,y=0)

2016-01-19 04:23:02,585 INFO  [default] Mouse Move (x=2,y=0)

2016-01-19 04:23:02,585 INFO  [default] Mouse Move (x=3,y=0)

2016-01-19 04:23:02,585 INFO  [default] Mouse Move (x=2,y=0)

2016-01-19 04:23:02,585 INFO  [default] Mouse Move (x=2,y=0)

2016-01-19 04:23:02,585 INFO  [default] Mouse Move (x=3,y=0)

2016-01-19 04:23:02,585 INFO  [default] Mouse Move (x=2,y=0)

2016-01-19 04:23:02,585 INFO  [default] Mouse Move (x=2,y=0)

2016-01-19 04:23:02,585 INFO  [default] Mouse Move (x=2,y=0)

2016-01-19 04:23:02,585 INFO  [default] Mouse Move (x=3,y=0)

2016-01-19 04:23:02,585 INFO  [default] Mouse Move (x=2,y=0)

2016-01-19 04:23:02,585 INFO  [default] Mouse Move (x=3,y=0)

2016-01-19 04:23:02,585 INFO  [default] Mouse Move (x=2,y=0)

2016-01-19 04:23:02,601 INFO  [default] Mouse Move (x=2,y=0)

2016-01-19 04:23:02,601 INFO  [default] Mouse Move (x=3,y=0)

2016-01-19 04:23:02,601 INFO  [default] Mouse Move (x=2,y=0)

2016-01-19 04:23:02,601 INFO  [default] Mouse Move (x=3,y=0)

2016-01-19 04:23:02,601 INFO  [default] Mouse Move (x=2,y=0)

2016-01-19 04:23:02,601 INFO  [default] Mouse Move (x=2,y=0)

2016-01-19 04:23:02,601 INFO  [default] Mouse Move (x=3,y=0)

2016-01-19 04:23:02,601 INFO  [default] Mouse Move (x=2,y=0)

2016-01-19 04:23:02,602 INFO  [default] Mouse Move (x=3,y=2)

2016-01-19 04:23:02,602 INFO  [default] Mouse Move (x=2,y=0)

2016-01-19 04:23:02,602 INFO  [default] Mouse Move (x=3,y=0)

2016-01-19 04:23:02,602 INFO  [default] Mouse Move (x=2,y=0)

2016-01-19 04:23:02,602 INFO  [default] Mouse Move (x=3,y=0)

2016-01-19 04:23:02,602 INFO  [default] Mouse Move (x=2,y=0)

2016-01-19 04:23:02,602 INFO  [default] Mouse Move (x=3,y=0)

2016-01-19 04:23:02,602 INFO  [default] Mouse Move (x=2,y=0)

2016-01-19 04:23:02,602 INFO  [default] Mouse Move (x=3,y=0)

2016-01-19 04:23:02,618 INFO  [default] Mouse Move (x=3,y=0)

2016-01-19 04:23:02,618 INFO  [default] Mouse Move (x=2,y=0)

2016-01-19 04:23:02,618 INFO  [default] Mouse Move (x=3,y=0)

2016-01-19 04:23:02,618 INFO  [default] Mouse Move (x=2,y=0)

2016-01-19 04:23:02,618 INFO  [default] Mouse Move (x=3,y=0)

2016-01-19 04:23:02,618 INFO  [default] Mouse Move (x=2,y=0)

2016-01-19 04:23:02,618 INFO  [default] Mouse Move (x=3,y=0)

2016-01-19 04:23:02,618 INFO  [default] Mouse Move (x=2,y=2)

2016-01-19 04:23:02,618 INFO  [default] Mouse Move (x=3,y=0)

2016-01-19 04:23:02,618 INFO  [default] Mouse Move (x=3,y=0)

2016-01-19 04:23:02,618 INFO  [default] Mouse Move (x=2,y=0)

2016-01-19 04:23:02,618 INFO  [default] Mouse Move (x=3,y=0)

2016-01-19 04:23:02,618 INFO  [default] Mouse Move (x=2,y=0)

2016-01-19 04:23:02,618 INFO  [default] Mouse Move (x=3,y=0)

2016-01-19 04:23:02,618 INFO  [default] Mouse Move (x=2,y=0)

2016-01-19 04:23:02,618 INFO  [default] Mouse Move (x=3,y=0)

2016-01-19 04:23:02,618 INFO  [default] Mouse Move (x=3,y=0)

2016-01-19 04:23:02,635 INFO  [default] Mouse Move (x=2,y=0)

2016-01-19 04:23:02,635 INFO  [default] Mouse Move (x=2,y=0)

2016-01-19 04:23:02,635 INFO  [default] Mouse Move (x=3,y=0)

2016-01-19 04:23:02,635 INFO  [default] Mouse Move (x=2,y=0)

2016-01-19 04:23:02,635 INFO  [default] Mouse Move (x=3,y=0)

2016-01-19 04:23:02,635 INFO  [default] Mouse Move (x=3,y=0)

2016-01-19 04:23:02,635 INFO  [default] Mouse Move (x=2,y=0)

2016-01-19 04:23:02,635 INFO  [default] Mouse Move (x=3,y=0)

2016-01-19 04:23:02,635 INFO  [default] Mouse Move (x=2,y=0)

2016-01-19 04:23:02,635 INFO  [default] Mouse Move (x=2,y=0)

2016-01-19 04:23:02,635 INFO  [default] Mouse Move (x=3,y=0)

2016-01-19 04:23:02,635 INFO  [default] Mouse Move (x=2,y=0)

2016-01-19 04:23:02,635 INFO  [default] Mouse Move (x=3,y=0)

2016-01-19 04:23:02,635 INFO  [default] Mouse Move (x=3,y=0)

2016-01-19 04:23:02,635 INFO  [default] Mouse Move (x=2,y=0)

2016-01-19 04:23:02,635 INFO  [default] Mouse Move (x=3,y=0)

2016-01-19 04:23:02,651 INFO  [default] Mouse Move (x=2,y=0)

2016-01-19 04:23:02,651 INFO  [default] Mouse Move (x=2,y=0)

2016-01-19 04:23:02,652 INFO  [default] Mouse Move (x=3,y=0)

2016-01-19 04:23:02,652 INFO  [default] Mouse Move (x=3,y=0)

2016-01-19 04:23:02,652 INFO  [default] Mouse Move (x=2,y=0)

2016-01-19 04:23:02,652 INFO  [default] Mouse Move (x=3,y=0)

2016-01-19 04:23:02,652 INFO  [default] Mouse Move (x=2,y=0)

2016-01-19 04:23:02,652 INFO  [default] Mouse Move (x=2,y=0)

2016-01-19 04:23:02,652 INFO  [default] Mouse Move (x=3,y=0)

2016-01-19 04:23:02,652 INFO  [default] Mouse Move (x=2,y=0)

2016-01-19 04:23:02,652 INFO  [default] Mouse Move (x=3,y=0)

2016-01-19 04:23:02,652 INFO  [default] Mouse Move (x=3,y=0)

2016-01-19 04:23:02,652 INFO  [default] Mouse Move (x=2,y=0)

2016-01-19 04:23:02,652 INFO  [default] Mouse Move (x=2,y=0)

2016-01-19 04:23:02,652 INFO  [default] Mouse Move (x=3,y=0)

2016-01-19 04:23:02,652 INFO  [default] Mouse Move (x=2,y=0)

2016-01-19 04:23:02,652 INFO  [default] Mouse Move (x=2,y=0)

2016-01-19 04:23:02,653 INFO  [default] Mouse Move (x=3,y=0)

2016-01-19 04:23:02,668 INFO  [default] Mouse Move (x=3,y=0)

2016-01-19 04:23:02,668 INFO  [default] Mouse Move (x=2,y=0)

2016-01-19 04:23:02,668 INFO  [default] Mouse Move (x=2,y=0)

2016-01-19 04:23:02,668 INFO  [default] Mouse Move (x=2,y=0)

2016-01-19 04:23:02,668 INFO  [default] Mouse Move (x=2,y=0)

2016-01-19 04:23:02,668 INFO  [default] Mouse Move (x=3,y=0)

2016-01-19 04:23:02,668 INFO  [default] Mouse Move (x=2,y=0)

2016-01-19 04:23:02,669 INFO  [default] Mouse Move (x=2,y=0)

2016-01-19 04:23:02,669 INFO  [default] Mouse Move (x=3,y=0)

2016-01-19 04:23:02,669 INFO  [default] Mouse Move (x=2,y=0)

2016-01-19 04:23:02,669 INFO  [default] Mouse Move (x=2,y=0)

2016-01-19 04:23:02,669 INFO  [default] Mouse Move (x=2,y=0)

2016-01-19 04:23:02,669 INFO  [default] Mouse Move (x=2,y=0)

2016-01-19 04:23:02,669 INFO  [default] Mouse Move (x=2,y=0)

2016-01-19 04:23:02,669 INFO  [default] Mouse Move (x=3,y=0)

2016-01-19 04:23:02,669 INFO  [default] Mouse Move (x=2,y=0)

2016-01-19 04:23:02,685 INFO  [default] Mouse Move (x=2,y=0)

2016-01-19 04:23:02,685 INFO  [default] Mouse Move (x=2,y=0)

2016-01-19 04:23:02,685 INFO  [default] Mouse Move (x=2,y=0)

2016-01-19 04:23:02,685 INFO  [default] Mouse Move (x=2,y=0)

2016-01-19 04:23:02,685 INFO  [default] Mouse Move (x=2,y=0)

2016-01-19 04:23:02,685 INFO  [default] Mouse Move (x=2,y=0)

2016-01-19 04:23:02,685 INFO  [default] Mouse Move (x=2,y=0)

2016-01-19 04:23:02,685 INFO  [default] Mouse Move (x=2,y=0)

2016-01-19 04:23:02,685 INFO  [default] Mouse Move (x=2,y=0)

2016-01-19 04:23:02,685 INFO  [default] Mouse Move (x=2,y=0)

2016-01-19 04:23:02,685 INFO  [default] Mouse Move (x=2,y=0)

2016-01-19 04:23:02,685 INFO  [default] Mouse Move (x=2,y=0)

2016-01-19 04:23:02,685 INFO  [default] Mouse Move (x=2,y=0)

2016-01-19 04:23:02,685 INFO  [default] Mouse Move (x=2,y=0)

2016-01-19 04:23:02,685 INFO  [default] Mouse Move (x=2,y=0)

2016-01-19 04:23:02,685 INFO  [default] Mouse Move (x=2,y=0)

2016-01-19 04:23:02,701 INFO  [default] Mouse Move (x=2,y=0)

2016-01-19 04:23:02,701 INFO  [default] Mouse Move (x=2,y=0)

2016-01-19 04:23:02,701 INFO  [default] Mouse Move (x=2,y=0)

2016-01-19 04:23:02,702 INFO  [default] Mouse Move (x=2,y=0)

2016-01-19 04:23:02,702 INFO  [default] Mouse Move (x=2,y=0)

2016-01-19 04:23:02,702 INFO  [default] Mouse Move (x=2,y=0)

2016-01-19 04:23:02,702 INFO  [default] Mouse Move (x=2,y=0)

2016-01-19 04:23:02,702 INFO  [default] Mouse Move (x=2,y=0)

2016-01-19 04:23:02,702 INFO  [default] Mouse Move (x=2,y=0)

2016-01-19 04:23:02,702 INFO  [default] Mouse Move (x=2,y=0)

2016-01-19 04:23:02,702 INFO  [default] Mouse Move (x=2,y=0)

2016-01-19 04:23:02,702 INFO  [default] Mouse Move (x=2,y=0)

2016-01-19 04:23:02,702 INFO  [default] Mouse Move (x=2,y=0)

2016-01-19 04:23:02,718 INFO  [default] Mouse Move (x=2,y=0)

2016-01-19 04:23:02,718 INFO  [default] Mouse Move (x=2,y=0)

2016-01-19 04:23:02,718 INFO  [default] Mouse Move (x=2,y=0)

2016-01-19 04:23:02,718 INFO  [default] Mouse Move (x=2,y=0)

2016-01-19 04:23:02,718 INFO  [default] Mouse Move (x=2,y=0)

2016-01-19 04:23:02,718 INFO  [default] Mouse Move (x=2,y=0)

2016-01-19 04:23:02,718 INFO  [default] Mouse Move (x=2,y=0)

2016-01-19 04:23:02,718 INFO  [default] Mouse Move (x=2,y=0)

2016-01-19 04:23:02,719 INFO  [default] Mouse Move (x=2,y=0)

2016-01-19 04:23:02,719 INFO  [default] Mouse Move (x=2,y=0)

2016-01-19 04:23:02,719 INFO  [default] Mouse Move (x=2,y=0)

2016-01-19 04:23:02,719 INFO  [default] Mouse Move (x=2,y=0)

2016-01-19 04:23:02,719 INFO  [default] Mouse Move (x=2,y=0)

2016-01-19 04:23:02,735 INFO  [default] Mouse Move (x=2,y=0)

2016-01-19 04:23:02,735 INFO  [default] Mouse Move (x=2,y=0)

2016-01-19 04:23:02,735 INFO  [default] Mouse Move (x=2,y=0)

2016-01-19 04:23:02,735 INFO  [default] Mouse Move (x=2,y=0)

2016-01-19 04:23:02,735 INFO  [default] Mouse Move (x=2,y=0)

2016-01-19 06:55:04,196 INFO  [default] Mouse Click (1,x=422,y=366)

2016-01-19 06:55:04,246 INFO  [default] Mouse UP (1,x=422,y=366)

